#
# A fatal error has been detected by the Java Runtime Environment:
#
#  EXCEPTION_ACCESS_VIOLATION (0xc0000005) at pc=0x0000000180003990, pid=65224, tid=62528
#
# JRE version: Java(TM) SE Runtime Environment (22.0.1+8) (build 22.0.1+8-16)
# Java VM: Java HotSpot(TM) 64-Bit Server VM (22.0.1+8-16, mixed mode, sharing, tiered, compressed oops, compressed class ptrs, g1 gc, windows-amd64)
# Problematic frame:
# C  [rxtxSerial.dll+0x3990]
#
# No core dump will be written. Minidumps are not enabled by default on client versions of Windows
#
# If you would like to submit a bug report, please visit:
#   https://bugreport.java.com/bugreport/crash.jsp
# The crash happened outside the Java Virtual Machine in native code.
# See problematic frame for where to report the bug.
#

---------------  S U M M A R Y ------------

Command Line: -Dfile.encoding=UTF-8 sac.CarvInsight.view.FrameArduino

Host: 13th Gen Intel(R) Core(TM) i7-13620H, 16 cores, 15G,  Windows 11 , 64 bit Build 22621 (10.0.22621.3672)
Time: Mon Jul 15 17:32:35 2024 Hora est. Pacífico, Sudamérica elapsed time: 52.061940 seconds (0d 0h 0m 52s)

---------------  T H R E A D  ---------------

Current thread (0x0000012bc6f1fc70):  JavaThread "Thread-0"         [_thread_in_native, id=62528, stack(0x0000000a50f00000,0x0000000a51000000) (1024K)]

Stack: [0x0000000a50f00000,0x0000000a51000000],  sp=0x0000000a50ffe9b0,  free space=1018k
Native frames: (J=compiled Java code, j=interpreted, Vv=VM code, C=native code)
C  [rxtxSerial.dll+0x3990]  (no source info available)
C  [rxtxSerial.dll+0x535a]  (no source info available)
C  0x0000012bdcc2cfc7  (no source info available)

The last pc belongs to native method entry point (kind = native) (printed below).
Java frames: (J=compiled Java code, j=interpreted, Vv=VM code)
j  gnu.io.RXTXPort.readArray([BII)I+0
j  gnu.io.RXTXPort$SerialInputStream.read([BII)I+212
j  gnu.io.RXTXPort$SerialInputStream.read([B)I+60
j  sac.CarvInsight.util.ConexionArduino.serialEvent(Lgnu/io/SerialPortEvent;)V+19
j  gnu.io.RXTXPort.sendEvent(IZ)Z+382
v  ~StubRoutines::call_stub 0x0000012bdcc2100d
j  gnu.io.RXTXPort.eventLoop()V+0
j  gnu.io.RXTXPort$MonitorThread.run()V+12
v  ~StubRoutines::call_stub 0x0000012bdcc2100d

siginfo: EXCEPTION_ACCESS_VIOLATION (0xc0000005), reading address 0x0000000050fff328


Registers:
RAX=0x0000000050fff320, RBX=0x0000000000000000, RCX=0x000000018001d4d5, RDX=0xfffffffffffff665
RSP=0x0000000a50ffe9b0, RBP=0x00000000ffffffff, RSI=0x0000000000000006, RDI=0x0000000000000000
R8 =0x0000000000000002, R9 =0xfffffffffffff63c, R10=0x00007ffcda2312d0, R11=0x8101010101010100
R12=0x0000000050fff320, R13=0x0000000000000001, R14=0x0000000000000006, R15=0x0000000000000000
RIP=0x0000000180003990, EFLAGS=0x0000000000010206


Register to memory mapping:

RAX=0x0000000050fff320 is an unknown value
RBX=0x0 is null
RCX=0x000000018001d4d5 rxtxSerial.dll
RDX=0xfffffffffffff665 is an unknown value
RSP=0x0000000a50ffe9b0 is pointing into the stack for thread: 0x0000012bc6f1fc70
RBP=0x00000000ffffffff is an unknown value
RSI=0x0000000000000006 is an unknown value
RDI=0x0 is null
R8 =0x0000000000000002 is an unknown value
R9 =0xfffffffffffff63c is an unknown value
R10=0x00007ffcda2312d0 jvm.dll
R11=0x8101010101010100 is an unknown value
R12=0x0000000050fff320 is an unknown value
R13=0x0000000000000001 is an unknown value
R14=0x0000000000000006 is an unknown value
R15=0x0 is null

Top of Stack: (sp=0x0000000a50ffe9b0)
0x0000000a50ffe9b0:   0000000000000000 0000000a50ffeb88
0x0000000a50ffe9c0:   0000000000000006 0000000000000000
0x0000000a50ffe9d0:   0000012bc6f1fc70 00000000ffffffff
0x0000000a50ffe9e0:   0000000000000001 0000000000000000
0x0000000a50ffe9f0:   0000012bc6f20030 0000000000000006
0x0000000a50ffea00:   0000000a50ffeb88 000000018000535a
0x0000000a50ffea10:   0000012bc7044480 00000000ffffffff
0x0000000a50ffea20:   0000012b00000001 0000012bc7044480
0x0000000a50ffea30:   0000000000000006 0000012bffffffff
0x0000000a50ffea40:   0000000a50ffeb90 0000012bc6f1fc70
0x0000000a50ffea50:   0000000a50ffeb58 00007ffcd999cb35
0x0000000a50ffea60:   0000000a50ffea80 0000012bc6f1fc70
0x0000000a50ffea70:   00000000000155b4 0000012bc6f1fc70
0x0000000a50ffea80:   0000012bc18132a8 0000d4482ffd1222
0x0000000a50ffea90:   0000000a50ffeb90 0000012bc18132a0
0x0000000a50ffeaa0:   0000000000000000 0000012bdcc28a08
0x0000000a50ffeab0:   0000000000000001 0000000a50ffeb58
0x0000000a50ffeac0:   0000012bc18132a8 0000012bdcc2cfc7
0x0000000a50ffead0:   0000012bdcc28a08 0000012bdcc2cc9e
0x0000000a50ffeae0:   0000012bc18132a8 0000000000000001
0x0000000a50ffeaf0:   0000000000000006 0000000000000000
0x0000000a50ffeb00:   0000000000000000 0000012bdcc2cc5b
0x0000000a50ffeb10:   fffffffffffffff7 0000012bc18132a0
0x0000000a50ffeb20:   0000000000000007 0000012bc181e2c8
0x0000000a50ffeb30:   0000000000000000 0000000713d83de0
0x0000000a50ffeb40:   0000012bc18132a8 0000000000000000
0x0000000a50ffeb50:   0000000a50ffeb78 0000000a50ffec00
0x0000000a50ffeb60:   0000012bdcc28a08 0000000000000000
0x0000000a50ffeb70:   0000012bdcc2a515 0000000000000006
0x0000000a50ffeb80:   0000000000000000 00000007138013a8
0x0000000a50ffeb90:   0000000713bc5308 0000000000000001
0x0000000a50ffeba0:   0000000000000000 0000000000000000 

Instructions: (pc=0x0000000180003990)
0x0000000180003890:   48 8d 15 0d 9c 01 00 48 2b d3 66 0f 1f 44 00 00
0x00000001800038a0:   0f b6 0b 0f b6 04 13 2b c8 75 07 48 ff c3 85 c0
0x00000001800038b0:   75 ee 48 8b 07 85 c9 48 8b d6 48 8b cf 75 0b ff
0x00000001800038c0:   90 28 03 00 00 48 8b d8 eb 08 ff 90 20 03 00 00
0x00000001800038d0:   8b d8 48 8b 07 48 8b d5 48 8b cf ff 90 b8 00 00
0x00000001800038e0:   00 48 8d 0d ec 9b 01 00 41 b8 02 00 00 00 49 8b
0x00000001800038f0:   d4 e8 2a 6f 00 00 85 c0 75 19 85 db 75 15 e8 71
0x0000000180003900:   6b 00 00 48 8d 15 ce 9b 01 00 48 8d 48 60 e8 e9
0x0000000180003910:   69 00 00 8b c3 48 8b 5c 24 30 48 8b 6c 24 38 48
0x0000000180003920:   8b 74 24 40 48 8b 7c 24 48 48 83 c4 20 41 5c c3
0x0000000180003930:   cc cc cc cc cc cc cc cc cc cc cc cc cc cc cc cc
0x0000000180003940:   48 89 5c 24 08 4c 89 4c 24 20 44 89 44 24 18 55
0x0000000180003950:   56 57 41 54 41 55 41 56 41 57 48 83 ec 20 48 8b
0x0000000180003960:   12 33 db 4c 8d 0d 82 91 01 00 4c 8d 05 9f 91 01
0x0000000180003970:   00 44 8b fb 8b fb e8 95 fe ff ff 8b ac 24 88 00
0x0000000180003980:   00 00 44 8b b4 24 80 00 00 00 4c 63 e0 41 8b f6
0x0000000180003990:   45 8b 6c 24 08 41 89 5c 24 08 85 ed 78 09 ff 15
0x00000001800039a0:   5c 36 01 00 44 8b f8 45 85 f6 7e 4d 0f 1f 40 00
0x00000001800039b0:   8b c7 ff c7 83 f8 14 7d 40 85 ed 78 0d ff 15 3d
0x00000001800039c0:   36 01 00 41 2b c7 3b c5 7d 2f 8b 4c 24 70 48 63
0x00000001800039d0:   d3 44 8b c6 48 03 54 24 78 e8 22 3d 00 00 85 c0
0x00000001800039e0:   78 33 74 06 03 d8 2b f0 eb 0a b9 e8 03 00 00 e8
0x00000001800039f0:   1c 27 00 00 41 3b de 7c b7 8b c3 45 89 6c 24 08
0x0000000180003a00:   48 8b 5c 24 60 48 83 c4 20 41 5f 41 5e 41 5d 41
0x0000000180003a10:   5c 5f 5e 5d c3 e8 62 6d 00 00 83 38 04 74 05 e8
0x0000000180003a20:   58 6d 00 00 83 c8 ff eb d2 cc cc cc cc cc cc cc
0x0000000180003a30:   40 53 48 83 ec 50 83 79 0c 00 48 8b d9 75 08 33
0x0000000180003a40:   c0 48 83 c4 50 5b c3 8b 09 48 8d 54 24 20 e8 91
0x0000000180003a50:   5c 00 00 85 c0 74 0b b8 01 00 00 00 48 83 c4 50
0x0000000180003a60:   5b c3 8b 0b 4c 8d 43 38 ba 59 54 00 00 48 89 7c
0x0000000180003a70:   24 60 e8 49 4e 00 00 85 c0 74 10 b8 01 00 00 00
0x0000000180003a80:   48 8b 7c 24 60 48 83 c4 50 5b c3 83 7b 38 00 74 


Stack slot to memory mapping:

stack at sp + 0 slots: 0x0 is null
stack at sp + 1 slots: 0x0000000a50ffeb88 is pointing into the stack for thread: 0x0000012bc6f1fc70
stack at sp + 2 slots: 0x0000000000000006 is an unknown value
stack at sp + 3 slots: 0x0 is null
stack at sp + 4 slots: 0x0000012bc6f1fc70 is a thread
stack at sp + 5 slots: 0x00000000ffffffff is an unknown value
stack at sp + 6 slots: 0x0000000000000001 is an unknown value
stack at sp + 7 slots: 0x0 is null

native method entry point (kind = native)  [0x0000012bdcc2cba0, 0x0000012bdcc2d6c0]  2848 bytes
[MachCode]
  0x0000012bdcc2cba0: 488b 4b08 | 0fb7 492e | 584c 8d74 | ccf8 6800 | 0000 0068 | 0000 0000 | 5055 488b | ec41 5568 
  0x0000012bdcc2cbc0: 0000 0000 | 4c8b 6b08 | 4d8d 6d38 | 5348 8b53 | 0848 8b52 | 0848 8b52 | 1848 8b52 | 7048 8b12 
  0x0000012bdcc2cbe0: 5248 8b53 | 1048 85d2 | 0f84 0700 | 0000 4881 | c210 0100 | 0052 488b | 5308 488b | 5208 488b 
  0x0000012bdcc2cc00: 5210 5249 | 8bc6 482b | c548 c1e8 | 0350 6800 | 0000 0068 | f7ff ffff | 41c6 8781 | 0400 0001 
  0x0000012bdcc2cc20: 488b 4310 | 4885 c074 | 208b 88cc | 0000 0083 | c102 8988 | cc00 0000 | 2388 e000 | 0000 0f84 
  0x0000012bdcc2cc40: cb09 0000 | e9cf 0000 | 0048 8b43 | 1848 85c0 | 0f85 b000 | 0000 e805 | 0000 00e9 | 9900 0000 
  0x0000012bdcc2cc60: 488b d348 | 8d44 2408 | 4c89 6dc0 | 498b cfc5 | f877 4989 | afb0 0300 | 0049 8987 | a003 0000 
  0x0000012bdcc2cc80: 4883 ec20 | 40f6 c40f | 0f84 1900 | 0000 4883 | ec08 48b8 | a0a3 99d9 | fc7f 0000 | ffd0 4883 
  0x0000012bdcc2cca0: c408 e90c | 0000 0048 | b8a0 a399 | d9fc 7f00 | 00ff d048 | 83c4 2049 | c787 a003 | 0000 0000 
  0x0000012bdcc2ccc0: 0000 49c7 | 87b0 0300 | 0000 0000 | 0049 c787 | a803 0000 | 0000 0000 | c5f8 7749 | 837f 0800 
  0x0000012bdcc2cce0: 0f84 0500 | 0000 e915 | 42ff ff4c | 8b6d c04c | 8b75 c84e | 8d74 f500 | c348 8b43 | 1848 85c0 
  0x0000012bdcc2cd00: 0f84 1200 | 0000 8b48 | 0883 c102 | 8948 0823 | 481c 0f84 | f708 0000 | 493b a7f0 | 0400 000f 
  0x0000012bdcc2cd20: 8748 0000 | 0089 8424 | 00f0 ffff | 8984 2400 | e0ff ff89 | 8424 00d0 | ffff 8984 | 2400 c0ff 
  0x0000012bdcc2cd40: ff89 8424 | 00b0 ffff | 8984 2400 | a0ff ff89 | 8424 0090 | ffff 8984 | 2400 80ff | ff49 3ba7 
  0x0000012bdcc2cd60: e804 0000 | 7607 4989 | a7f0 0400 | 0041 c687 | 8104 0000 | 0049 ba9c | 3020 dafc | 7f00 0041 
  0x0000012bdcc2cd80: 803a 000f | 843e 0000 | 0048 8b55 | e849 8bcf | 4883 ec20 | 40f6 c40f | 0f84 1900 | 0000 4883 
  0x0000012bdcc2cda0: ec08 48b8 | 40b5 d0d9 | fc7f 0000 | ffd0 4883 | c408 e90c | 0000 0048 | b840 b5d0 | d9fc 7f00 
  0x0000012bdcc2cdc0: 00ff d048 | 83c4 2048 | 8b5d e84c | 8b5b 0845 | 0fb7 5b2e | 41c1 e303 | 492b e348 | 83ec 2048 
  0x0000012bdcc2cde0: 83e4 f04c | 8b5b 604d | 85db 0f85 | ab00 0000 | e805 0000 | 00e9 9900 | 0000 488b | d348 8d44 
  0x0000012bdcc2ce00: 2408 4c89 | 6dc0 498b | cfc5 f877 | 4989 afb0 | 0300 0049 | 8987 a003 | 0000 4883 | ec20 40f6 
  0x0000012bdcc2ce20: c40f 0f84 | 1900 0000 | 4883 ec08 | 48b8 c0ca | 99d9 fc7f | 0000 ffd0 | 4883 c408 | e90c 0000 
  0x0000012bdcc2ce40: 0048 b8c0 | ca99 d9fc | 7f00 00ff | d048 83c4 | 2049 c787 | a003 0000 | 0000 0000 | 49c7 87b0 
  0x0000012bdcc2ce60: 0300 0000 | 0000 0049 | c787 a803 | 0000 0000 | 0000 c5f8 | 7749 837f | 0800 0f84 | 0500 0000 
  0x0000012bdcc2ce80: e97b 40ff | ff4c 8b6d | c04c 8b75 | c84e 8d74 | f500 c348 | 8b5d e84c | 8b5b 6041 | ffd3 488b 
  0x0000012bdcc2cea0: 5de8 4889 | 4518 448b | 5b28 41f6 | c308 0f84 | 1b00 0000 | 4c8b 5b08 | 4d8b 5b08 | 4d8b 5b18 
  0x0000012bdcc2cec0: 4d8b 5b70 | 4d8b 1b4c | 895d 1048 | 8d55 1048 | 8b43 5849 | ba40 0cd1 | d9fc 7f00 | 0049 3bc2 
  0x0000012bdcc2cee0: 0f85 ab00 | 0000 e805 | 0000 00e9 | 9900 0000 | 488b d348 | 8d44 2408 | 4c89 6dc0 | 498b cfc5 
  0x0000012bdcc2cf00: f877 4989 | afb0 0300 | 0049 8987 | a003 0000 | 4883 ec20 | 40f6 c40f | 0f84 1900 | 0000 4883 
  0x0000012bdcc2cf20: ec08 48b8 | c0ca 99d9 | fc7f 0000 | ffd0 4883 | c408 e90c | 0000 0048 | b8c0 ca99 | d9fc 7f00 
  0x0000012bdcc2cf40: 00ff d048 | 83c4 2049 | c787 a003 | 0000 0000 | 0000 49c7 | 87b0 0300 | 0000 0000 | 0049 c787 
  0x0000012bdcc2cf60: a803 0000 | 0000 0000 | c5f8 7749 | 837f 0800 | 0f84 0500 | 0000 e985 | 3fff ff4c | 8b6d c04c 
  0x0000012bdcc2cf80: 8b75 c84e | 8d74 f500 | c348 8b5d | e848 8b43 | 5849 8d8f | c003 0000 | c5f8 7749 | 89af b003 
  0x0000012bdcc2cfa0: 0000 49ba | 98cf c2dc | 2b01 0000 | 4d89 97a8 | 0300 0049 | 89a7 a003 | 0000 41c7 | 8754 0400 
  0x0000012bdcc2cfc0: 0004 0000 | 00ff d0c5 | f877 4883 | ec10 c5fb | 1104 2448 | 83ec 1048 | 8904 2448 | c744 2408 
  0x0000012bdcc2cfe0: 0000 0000 | 41c7 8754 | 0400 0005 | 0000 00f0 | 8344 24c0 | 0049 3baf | 5804 0000 | 0f87 0e00 
  0x0000012bdcc2d000: 0000 4183 | bf50 0400 | 0000 0f84 | 2000 0000 | 498b cf4c | 8be4 4883 | ec20 4883 | e4f0 48b8 
  0x0000012bdcc2d020: d01e 9bd9 | fc7f 0000 | ffd0 498b | e44d 33e4 | 41c7 8754 | 0400 0008 | 0000 0049 | c787 a003 
  0x0000012bdcc2d040: 0000 0000 | 0000 49c7 | 87b0 0300 | 0000 0000 | 0049 c787 | a803 0000 | 0000 0000 | c5f8 774d 
  0x0000012bdcc2d060: 8b9f 3004 | 0000 41c7 | 8300 0100 | 0000 0000 | 0049 bb1a | a5c2 dc2b | 0100 004c | 3b5d 180f 
  0x0000012bdcc2d080: 8524 0200 | 0048 8b04 | 2448 83c4 | 1048 85c0 | 0f84 fe01 | 0000 a803 | 0f85 0800 | 0000 488b 
  0x0000012bdcc2d0a0: 00e9 ee01 | 0000 a801 | 0f85 0900 | 0000 488b | 40fe e9dd | 0100 0048 | 8b40 ff41 | 807f 3800 
  0x0000012bdcc2d0c0: 0f84 ce01 | 0000 4883 | f800 0f84 | c401 0000 | 4d8b 5f28 | 4983 fb00 | 0f84 1400 | 0000 4983 
  0x0000012bdcc2d0e0: eb08 4d89 | 5f28 4d03 | 5f30 4989 | 03e9 a201 | 0000 4881 | ecd0 0000 | 0048 8904 | 2448 894c 
  0x0000012bdcc2d100: 2408 4889 | 5424 1048 | 8974 2418 | 4889 7c24 | 204c 8944 | 2428 4c89 | 4c24 304c | 8954 2438 
  0x0000012bdcc2d120: 4c89 5c24 | 40c5 fb11 | 4424 50c5 | fb11 4c24 | 58c5 fb11 | 5424 60c5 | fb11 5c24 | 68c5 fb11 
  0x0000012bdcc2d140: 6424 70c5 | fb11 6c24 | 78c5 fb11 | b424 8000 | 0000 c5fb | 11bc 2488 | 0000 00c5 | 7b11 8424 
  0x0000012bdcc2d160: 9000 0000 | c57b 118c | 2498 0000 | 00c5 7b11 | 9424 a000 | 0000 c57b | 119c 24a8 | 0000 00c5 
  0x0000012bdcc2d180: 7b11 a424 | b000 0000 | c57b 11ac | 24b8 0000 | 00c5 7b11 | b424 c000 | 0000 c57b | 11bc 24c8 
  0x0000012bdcc2d1a0: 0000 0049 | 8bd7 488b | c848 83ec | 2040 f6c4 | 0f0f 8419 | 0000 0048 | 83ec 0848 | b8e0 3e8e 
  0x0000012bdcc2d1c0: d9fc 7f00 | 00ff d048 | 83c4 08e9 | 0c00 0000 | 48b8 e03e | 8ed9 fc7f | 0000 ffd0 | 4883 c420 
  0x0000012bdcc2d1e0: c57b 10bc | 24c8 0000 | 00c5 7b10 | b424 c000 | 0000 c57b | 10ac 24b8 | 0000 00c5 | 7b10 a424 
  0x0000012bdcc2d200: b000 0000 | c57b 109c | 24a8 0000 | 00c5 7b10 | 9424 a000 | 0000 c57b | 108c 2498 | 0000 00c5 
  0x0000012bdcc2d220: 7b10 8424 | 9000 0000 | c5fb 10bc | 2488 0000 | 00c5 fb10 | b424 8000 | 0000 c5fb | 106c 2478 
  0x0000012bdcc2d240: c5fb 1064 | 2470 c5fb | 105c 2468 | c5fb 1054 | 2460 c5fb | 104c 2458 | c5fb 1044 | 2450 4c8b 
  0x0000012bdcc2d260: 5c24 404c | 8b54 2438 | 4c8b 4c24 | 304c 8b44 | 2428 488b | 7c24 2048 | 8b74 2418 | 488b 5424 
  0x0000012bdcc2d280: 1048 8b4c | 2408 488b | 0424 4881 | c4d0 0000 | 00c5 f877 | 4889 4510 | 4883 ec10 | 4889 0424 
  0x0000012bdcc2d2a0: 48c7 4424 | 0800 0000 | 0041 83bf | d004 0000 | 020f 85bf | 0000 0048 | 81ec 8000 | 0000 4889 
  0x0000012bdcc2d2c0: 4424 7848 | 894c 2470 | 4889 5424 | 6848 895c | 2460 4889 | 6c24 5048 | 8974 2448 | 4889 7c24 
  0x0000012bdcc2d2e0: 404c 8944 | 2438 4c89 | 4c24 304c | 8954 2428 | 4c89 5c24 | 204c 8964 | 2418 4c89 | 6c24 104c 
  0x0000012bdcc2d300: 8974 2408 | 4c89 3c24 | 4c8b e448 | 83ec 2048 | 83e4 f048 | b890 edd0 | d9fc 7f00 | 00ff d049 
  0x0000012bdcc2d320: 8be4 4c8b | 3c24 4c8b | 7424 084c | 8b6c 2410 | 4c8b 6424 | 184c 8b5c | 2420 4c8b | 5424 284c 
  0x0000012bdcc2d340: 8b4c 2430 | 4c8b 4424 | 3848 8b7c | 2440 488b | 7424 4848 | 8b6c 2450 | 488b 5c24 | 6048 8b54 
  0x0000012bdcc2d360: 2468 488b | 4c24 7048 | 8b44 2478 | 4881 c480 | 0000 004d | 33e4 488b | 5de8 4c8b | 6b08 4d8d 
  0x0000012bdcc2d380: 6d38 4983 | 7f08 000f | 84bb 0000 | 00e8 0500 | 0000 e996 | 0000 0048 | 8d44 2408 | 4c89 6dc0 
  0x0000012bdcc2d3a0: 498b cfc5 | f877 4989 | afb0 0300 | 0049 8987 | a003 0000 | 4883 ec20 | 40f6 c40f | 0f84 1900 
  0x0000012bdcc2d3c0: 0000 4883 | ec08 48b8 | 00e9 99d9 | fc7f 0000 | ffd0 4883 | c408 e90c | 0000 0048 | b800 e999 
  0x0000012bdcc2d3e0: d9fc 7f00 | 00ff d048 | 83c4 2049 | c787 a003 | 0000 0000 | 0000 49c7 | 87b0 0300 | 0000 0000 
  0x0000012bdcc2d400: 0049 c787 | a803 0000 | 0000 0000 | c5f8 7749 | 837f 0800 | 0f84 0500 | 0000 e9e1 | 3aff ff4c 
  0x0000012bdcc2d420: 8b6d c04c | 8b75 c84e | 8d74 f500 | c348 b9c0 | 18f8 d9fc | 7f00 0048 | 83e4 f048 | b8c0 94bf 
  0x0000012bdcc2d440: d9fc 7f00 | 00ff d0f4 | 448b 5b28 | 41f6 c320 | 0f84 4401 | 0000 488d | 55a8 4c8b | 5a08 4d85 
  0x0000012bdcc2d460: db0f 85bb | 0000 00e8 | 0500 0000 | e996 0000 | 0048 8d44 | 2408 4c89 | 6dc0 498b | cfc5 f877 
  0x0000012bdcc2d480: 4989 afb0 | 0300 0049 | 8987 a003 | 0000 4883 | ec20 40f6 | c40f 0f84 | 1900 0000 | 4883 ec08 
  0x0000012bdcc2d4a0: 48b8 30e8 | 99d9 fc7f | 0000 ffd0 | 4883 c408 | e90c 0000 | 0048 b830 | e899 d9fc | 7f00 00ff 
  0x0000012bdcc2d4c0: d048 83c4 | 2049 c787 | a003 0000 | 0000 0000 | 49c7 87b0 | 0300 0000 | 0000 0049 | c787 a803 
  0x0000012bdcc2d4e0: 0000 0000 | 0000 c5f8 | 7749 837f | 0800 0f84 | 0500 0000 | e907 3aff | ff4c 8b6d | c04c 8b75 
  0x0000012bdcc2d500: c84e 8d74 | f500 c348 | b9c0 18f8 | d9fc 7f00 | 0048 83e4 | f048 b8c0 | 94bf d9fc | 7f00 00ff 
  0x0000012bdcc2d520: d0f4 4c89 | 6dc0 488d | 024c 8b4a | 0848 c742 | 0800 0000 | 004c 8b00 | 4d85 c00f | 840b 0000 
  0x0000012bdcc2d540: 00f0 4d0f | b101 0f85 | 0c00 0000 | 49ff 8f58 | 0500 00e9 | 3e00 0000 | 4c89 4a08 | 488b ca48 
  0x0000012bdcc2d560: 83ec 2040 | f6c4 0f0f | 8419 0000 | 0048 83ec | 0848 b8c0 | ba99 d9fc | 7f00 00ff | d048 83c4 
  0x0000012bdcc2d580: 08e9 0c00 | 0000 48b8 | c0ba 99d9 | fc7f 0000 | ffd0 4883 | c420 4c8b | 6dc0 49ba | 9c30 20da 
  0x0000012bdcc2d5a0: fc7f 0000 | 4180 3a00 | 0f84 3e00 | 0000 488b | 55e8 498b | cf48 83ec | 2040 f6c4 | 0f0f 8419 
  0x0000012bdcc2d5c0: 0000 0048 | 83ec 0848 | b840 b5d0 | d9fc 7f00 | 00ff d048 | 83c4 08e9 | 0c00 0000 | 48b8 40b5 
  0x0000012bdcc2d5e0: d0d9 fc7f | 0000 ffd0 | 4883 c420 | 488b 0424 | 4883 c410 | c5fb 1004 | 2448 83c4 | 104c 8b5d 
  0x0000012bdcc2d600: 1841 ffd3 | 4c8b 5df8 | c95f 498b | e3ff e7ba | 0000 0000 | e805 0000 | 00e9 9600 | 0000 488d 
  0x0000012bdcc2d620: 4424 084c | 896d c049 | 8bcf c5f8 | 7749 89af | b003 0000 | 4989 87a0 | 0300 0048 | 83ec 2040 
  0x0000012bdcc2d640: f6c4 0f0f | 8419 0000 | 0048 83ec | 0848 b880 | ae99 d9fc | 7f00 00ff | d048 83c4 | 08e9 0c00 
  0x0000012bdcc2d660: 0000 48b8 | 80ae 99d9 | fc7f 0000 | ffd0 4883 | c420 49c7 | 87a0 0300 | 0000 0000 | 0049 c787 
  0x0000012bdcc2d680: b003 0000 | 0000 0000 | 49c7 87a8 | 0300 0000 | 0000 00c5 | f877 4983 | 7f08 000f | 8405 0000 
  0x0000012bdcc2d6a0: 00e9 5a38 | ffff 4c8b | 6dc0 4c8b | 75c8 4e8d | 74f5 00c3 | 488b 5de8 | e95b f6ff | ff66 6690 
[/MachCode]

---------------  P R O C E S S  ---------------

Threads class SMR info:
_java_thread_list=0x0000012bc7cca0b0, length=16, elements={
0x0000012bec4cac80, 0x0000012bec4cbba0, 0x0000012bec4cdd90, 0x0000012bec4d8d20,
0x0000012bec4d9780, 0x0000012bec4da1e0, 0x0000012bec4dc190, 0x0000012bc5158050,
0x0000012bc528d7a0, 0x0000012bc52b3c10, 0x0000012bc54e4040, 0x0000012bc54e7f20,
0x0000012bc54eb3a0, 0x0000012bc6984ce0, 0x0000012bcb34cb50, 0x0000012bc6f1fc70
}

Java Threads: ( => current thread )
  0x0000012bec4cac80 JavaThread "Reference Handler"          daemon [_thread_blocked, id=65452, stack(0x0000000a50600000,0x0000000a50700000) (1024K)]
  0x0000012bec4cbba0 JavaThread "Finalizer"                  daemon [_thread_blocked, id=58944, stack(0x0000000a50700000,0x0000000a50800000) (1024K)]
  0x0000012bec4cdd90 JavaThread "Signal Dispatcher"          daemon [_thread_blocked, id=3768, stack(0x0000000a50800000,0x0000000a50900000) (1024K)]
  0x0000012bec4d8d20 JavaThread "Attach Listener"            daemon [_thread_blocked, id=60440, stack(0x0000000a50900000,0x0000000a50a00000) (1024K)]
  0x0000012bec4d9780 JavaThread "Service Thread"             daemon [_thread_blocked, id=59840, stack(0x0000000a50a00000,0x0000000a50b00000) (1024K)]
  0x0000012bec4da1e0 JavaThread "Monitor Deflation Thread"   daemon [_thread_blocked, id=64876, stack(0x0000000a50b00000,0x0000000a50c00000) (1024K)]
  0x0000012bec4dc190 JavaThread "C2 CompilerThread0"         daemon [_thread_blocked, id=41196, stack(0x0000000a50c00000,0x0000000a50d00000) (1024K)]
  0x0000012bc5158050 JavaThread "C1 CompilerThread0"         daemon [_thread_blocked, id=66232, stack(0x0000000a50d00000,0x0000000a50e00000) (1024K)]
  0x0000012bc528d7a0 JavaThread "Notification Thread"        daemon [_thread_blocked, id=64472, stack(0x0000000a51100000,0x0000000a51200000) (1024K)]
  0x0000012bc52b3c10 JavaThread "Common-Cleaner"             daemon [_thread_blocked, id=11128, stack(0x0000000a51200000,0x0000000a51300000) (1024K)]
  0x0000012bc54e4040 JavaThread "Java2D Disposer"            daemon [_thread_blocked, id=66132, stack(0x0000000a51300000,0x0000000a51400000) (1024K)]
  0x0000012bc54e7f20 JavaThread "AWT-Shutdown"                      [_thread_blocked, id=65476, stack(0x0000000a51400000,0x0000000a51500000) (1024K)]
  0x0000012bc54eb3a0 JavaThread "AWT-Windows"                daemon [_thread_in_native, id=6504, stack(0x0000000a51500000,0x0000000a51600000) (1024K)]
  0x0000012bc6984ce0 JavaThread "AWT-EventQueue-0"                  [_thread_blocked, id=56568, stack(0x0000000a51600000,0x0000000a51700000) (1024K)]
  0x0000012bcb34cb50 JavaThread "DestroyJavaVM"                     [_thread_blocked, id=64684, stack(0x0000000a4fe00000,0x0000000a4ff00000) (1024K)]
=>0x0000012bc6f1fc70 JavaThread "Thread-0"                          [_thread_in_native, id=62528, stack(0x0000000a50f00000,0x0000000a51000000) (1024K)]
Total: 16

Other Threads:
  0x0000012bec4b14e0 VMThread "VM Thread"                           [id=65848, stack(0x0000000a50500000,0x0000000a50600000) (1024K)]
  0x0000012bec498080 WatcherThread "VM Periodic Task Thread"        [id=65232, stack(0x0000000a50400000,0x0000000a50500000) (1024K)]
  0x0000012bcd4f1aa0 WorkerThread "GC Thread#0"                     [id=62536, stack(0x0000000a4ff00000,0x0000000a50000000) (1024K)]
  0x0000012bcd502d00 ConcurrentGCThread "G1 Main Marker"            [id=66328, stack(0x0000000a50000000,0x0000000a50100000) (1024K)]
  0x0000012bcd5048e0 WorkerThread "G1 Conc#0"                       [id=66076, stack(0x0000000a50100000,0x0000000a50200000) (1024K)]
  0x0000012bec36a7a0 ConcurrentGCThread "G1 Refine#0"               [id=66296, stack(0x0000000a50200000,0x0000000a50300000) (1024K)]
  0x0000012bec36b230 ConcurrentGCThread "G1 Service"                [id=14368, stack(0x0000000a50300000,0x0000000a50400000) (1024K)]
Total: 7

Threads with active compile tasks:
Total: 0

VM state: not at safepoint (normal execution)

VM Mutex/Monitor currently owned by a thread: None

Heap address: 0x0000000704a00000, size: 4022 MB, Compressed Oops mode: Zero based, Oop shift amount: 3

CDS archive(s) mapped at: [0x0000012b80000000-0x0000012b80c60000-0x0000012b80c60000), size 12976128, SharedBaseAddress: 0x0000012b80000000, ArchiveRelocationMode: 1.
Compressed class space mapped at: 0x0000012b81000000-0x0000012bc1000000, reserved size: 1073741824
Narrow klass base: 0x0000012b80000000, Narrow klass shift: 0, Narrow klass range: 0x41000000

GC Precious Log:
 CardTable entry size: 512
 Card Set container configuration: InlinePtr #cards 4 size 8 Array Of Cards #cards 16 size 48 Howl #buckets 8 coarsen threshold 3686 Howl Bitmap #cards 512 size 80 coarsen threshold 460 Card regions per heap region 1 cards per card region 4096
 CPUs: 16 total, 16 available
 Memory: 16087M
 Large Page Support: Disabled
 NUMA Support: Disabled
 Compressed Oops: Enabled (Zero based)
 Heap Region Size: 2M
 Heap Min Capacity: 8M
 Heap Initial Capacity: 252M
 Heap Max Capacity: 4022M
 Pre-touch: Disabled
 Parallel Workers: 13
 Concurrent Workers: 3
 Concurrent Refinement Workers: 13
 Periodic GC: Disabled

Heap:
 garbage-first heap   total reserved 4118528K, committed 258048K, used 24576K [0x0000000704a00000, 0x0000000800000000)
  region size 2048K, 9 young (18432K), 0 survivors (0K)
 Metaspace       used 11062K, committed 11264K, reserved 1114112K
  class space    used 1263K, committed 1344K, reserved 1048576K

Heap Regions: E=young(eden), S=young(survivor), O=old, HS=humongous(starts), HC=humongous(continues), CS=collection set, F=free, TAMS=top-at-mark-start, PB=parsable bottom
|   0|0x0000000704a00000, 0x0000000704c00000, 0x0000000704c00000|100%|HS|  |TAMS 0x0000000704a00000| PB 0x0000000704a00000| Complete |  0
|   1|0x0000000704c00000, 0x0000000704e00000, 0x0000000704e00000|100%|HC|  |TAMS 0x0000000704c00000| PB 0x0000000704c00000| Complete |  0
|   2|0x0000000704e00000, 0x0000000705000000, 0x0000000705000000|100%|HC|  |TAMS 0x0000000704e00000| PB 0x0000000704e00000| Complete |  0
|   3|0x0000000705000000, 0x0000000705200000, 0x0000000705200000|100%|HC|  |TAMS 0x0000000705000000| PB 0x0000000705000000| Complete |  0
|   4|0x0000000705200000, 0x0000000705200000, 0x0000000705400000|  0%| F|  |TAMS 0x0000000705200000| PB 0x0000000705200000| Untracked |  0
|   5|0x0000000705400000, 0x0000000705400000, 0x0000000705600000|  0%| F|  |TAMS 0x0000000705400000| PB 0x0000000705400000| Untracked |  0
|   6|0x0000000705600000, 0x0000000705600000, 0x0000000705800000|  0%| F|  |TAMS 0x0000000705600000| PB 0x0000000705600000| Untracked |  0
|   7|0x0000000705800000, 0x0000000705800000, 0x0000000705a00000|  0%| F|  |TAMS 0x0000000705800000| PB 0x0000000705800000| Untracked |  0
|   8|0x0000000705a00000, 0x0000000705a00000, 0x0000000705c00000|  0%| F|  |TAMS 0x0000000705a00000| PB 0x0000000705a00000| Untracked |  0
|   9|0x0000000705c00000, 0x0000000705c00000, 0x0000000705e00000|  0%| F|  |TAMS 0x0000000705c00000| PB 0x0000000705c00000| Untracked |  0
|  10|0x0000000705e00000, 0x0000000705e00000, 0x0000000706000000|  0%| F|  |TAMS 0x0000000705e00000| PB 0x0000000705e00000| Untracked |  0
|  11|0x0000000706000000, 0x0000000706000000, 0x0000000706200000|  0%| F|  |TAMS 0x0000000706000000| PB 0x0000000706000000| Untracked |  0
|  12|0x0000000706200000, 0x0000000706200000, 0x0000000706400000|  0%| F|  |TAMS 0x0000000706200000| PB 0x0000000706200000| Untracked |  0
|  13|0x0000000706400000, 0x0000000706400000, 0x0000000706600000|  0%| F|  |TAMS 0x0000000706400000| PB 0x0000000706400000| Untracked |  0
|  14|0x0000000706600000, 0x0000000706600000, 0x0000000706800000|  0%| F|  |TAMS 0x0000000706600000| PB 0x0000000706600000| Untracked |  0
|  15|0x0000000706800000, 0x0000000706800000, 0x0000000706a00000|  0%| F|  |TAMS 0x0000000706800000| PB 0x0000000706800000| Untracked |  0
|  16|0x0000000706a00000, 0x0000000706a00000, 0x0000000706c00000|  0%| F|  |TAMS 0x0000000706a00000| PB 0x0000000706a00000| Untracked |  0
|  17|0x0000000706c00000, 0x0000000706c00000, 0x0000000706e00000|  0%| F|  |TAMS 0x0000000706c00000| PB 0x0000000706c00000| Untracked |  0
|  18|0x0000000706e00000, 0x0000000706e00000, 0x0000000707000000|  0%| F|  |TAMS 0x0000000706e00000| PB 0x0000000706e00000| Untracked |  0
|  19|0x0000000707000000, 0x0000000707000000, 0x0000000707200000|  0%| F|  |TAMS 0x0000000707000000| PB 0x0000000707000000| Untracked |  0
|  20|0x0000000707200000, 0x0000000707200000, 0x0000000707400000|  0%| F|  |TAMS 0x0000000707200000| PB 0x0000000707200000| Untracked |  0
|  21|0x0000000707400000, 0x0000000707400000, 0x0000000707600000|  0%| F|  |TAMS 0x0000000707400000| PB 0x0000000707400000| Untracked |  0
|  22|0x0000000707600000, 0x0000000707600000, 0x0000000707800000|  0%| F|  |TAMS 0x0000000707600000| PB 0x0000000707600000| Untracked |  0
|  23|0x0000000707800000, 0x0000000707800000, 0x0000000707a00000|  0%| F|  |TAMS 0x0000000707800000| PB 0x0000000707800000| Untracked |  0
|  24|0x0000000707a00000, 0x0000000707a00000, 0x0000000707c00000|  0%| F|  |TAMS 0x0000000707a00000| PB 0x0000000707a00000| Untracked |  0
|  25|0x0000000707c00000, 0x0000000707c00000, 0x0000000707e00000|  0%| F|  |TAMS 0x0000000707c00000| PB 0x0000000707c00000| Untracked |  0
|  26|0x0000000707e00000, 0x0000000707e00000, 0x0000000708000000|  0%| F|  |TAMS 0x0000000707e00000| PB 0x0000000707e00000| Untracked |  0
|  27|0x0000000708000000, 0x0000000708000000, 0x0000000708200000|  0%| F|  |TAMS 0x0000000708000000| PB 0x0000000708000000| Untracked |  0
|  28|0x0000000708200000, 0x0000000708200000, 0x0000000708400000|  0%| F|  |TAMS 0x0000000708200000| PB 0x0000000708200000| Untracked |  0
|  29|0x0000000708400000, 0x0000000708400000, 0x0000000708600000|  0%| F|  |TAMS 0x0000000708400000| PB 0x0000000708400000| Untracked |  0
|  30|0x0000000708600000, 0x0000000708600000, 0x0000000708800000|  0%| F|  |TAMS 0x0000000708600000| PB 0x0000000708600000| Untracked |  0
|  31|0x0000000708800000, 0x0000000708800000, 0x0000000708a00000|  0%| F|  |TAMS 0x0000000708800000| PB 0x0000000708800000| Untracked |  0
|  32|0x0000000708a00000, 0x0000000708a00000, 0x0000000708c00000|  0%| F|  |TAMS 0x0000000708a00000| PB 0x0000000708a00000| Untracked |  0
|  33|0x0000000708c00000, 0x0000000708c00000, 0x0000000708e00000|  0%| F|  |TAMS 0x0000000708c00000| PB 0x0000000708c00000| Untracked |  0
|  34|0x0000000708e00000, 0x0000000708e00000, 0x0000000709000000|  0%| F|  |TAMS 0x0000000708e00000| PB 0x0000000708e00000| Untracked |  0
|  35|0x0000000709000000, 0x0000000709000000, 0x0000000709200000|  0%| F|  |TAMS 0x0000000709000000| PB 0x0000000709000000| Untracked |  0
|  36|0x0000000709200000, 0x0000000709200000, 0x0000000709400000|  0%| F|  |TAMS 0x0000000709200000| PB 0x0000000709200000| Untracked |  0
|  37|0x0000000709400000, 0x0000000709400000, 0x0000000709600000|  0%| F|  |TAMS 0x0000000709400000| PB 0x0000000709400000| Untracked |  0
|  38|0x0000000709600000, 0x0000000709600000, 0x0000000709800000|  0%| F|  |TAMS 0x0000000709600000| PB 0x0000000709600000| Untracked |  0
|  39|0x0000000709800000, 0x0000000709800000, 0x0000000709a00000|  0%| F|  |TAMS 0x0000000709800000| PB 0x0000000709800000| Untracked |  0
|  40|0x0000000709a00000, 0x0000000709a00000, 0x0000000709c00000|  0%| F|  |TAMS 0x0000000709a00000| PB 0x0000000709a00000| Untracked |  0
|  41|0x0000000709c00000, 0x0000000709c00000, 0x0000000709e00000|  0%| F|  |TAMS 0x0000000709c00000| PB 0x0000000709c00000| Untracked |  0
|  42|0x0000000709e00000, 0x0000000709e00000, 0x000000070a000000|  0%| F|  |TAMS 0x0000000709e00000| PB 0x0000000709e00000| Untracked |  0
|  43|0x000000070a000000, 0x000000070a000000, 0x000000070a200000|  0%| F|  |TAMS 0x000000070a000000| PB 0x000000070a000000| Untracked |  0
|  44|0x000000070a200000, 0x000000070a200000, 0x000000070a400000|  0%| F|  |TAMS 0x000000070a200000| PB 0x000000070a200000| Untracked |  0
|  45|0x000000070a400000, 0x000000070a400000, 0x000000070a600000|  0%| F|  |TAMS 0x000000070a400000| PB 0x000000070a400000| Untracked |  0
|  46|0x000000070a600000, 0x000000070a600000, 0x000000070a800000|  0%| F|  |TAMS 0x000000070a600000| PB 0x000000070a600000| Untracked |  0
|  47|0x000000070a800000, 0x000000070a800000, 0x000000070aa00000|  0%| F|  |TAMS 0x000000070a800000| PB 0x000000070a800000| Untracked |  0
|  48|0x000000070aa00000, 0x000000070aa00000, 0x000000070ac00000|  0%| F|  |TAMS 0x000000070aa00000| PB 0x000000070aa00000| Untracked |  0
|  49|0x000000070ac00000, 0x000000070ac00000, 0x000000070ae00000|  0%| F|  |TAMS 0x000000070ac00000| PB 0x000000070ac00000| Untracked |  0
|  50|0x000000070ae00000, 0x000000070ae00000, 0x000000070b000000|  0%| F|  |TAMS 0x000000070ae00000| PB 0x000000070ae00000| Untracked |  0
|  51|0x000000070b000000, 0x000000070b000000, 0x000000070b200000|  0%| F|  |TAMS 0x000000070b000000| PB 0x000000070b000000| Untracked |  0
|  52|0x000000070b200000, 0x000000070b200000, 0x000000070b400000|  0%| F|  |TAMS 0x000000070b200000| PB 0x000000070b200000| Untracked |  0
|  53|0x000000070b400000, 0x000000070b400000, 0x000000070b600000|  0%| F|  |TAMS 0x000000070b400000| PB 0x000000070b400000| Untracked |  0
|  54|0x000000070b600000, 0x000000070b600000, 0x000000070b800000|  0%| F|  |TAMS 0x000000070b600000| PB 0x000000070b600000| Untracked |  0
|  55|0x000000070b800000, 0x000000070b800000, 0x000000070ba00000|  0%| F|  |TAMS 0x000000070b800000| PB 0x000000070b800000| Untracked |  0
|  56|0x000000070ba00000, 0x000000070ba00000, 0x000000070bc00000|  0%| F|  |TAMS 0x000000070ba00000| PB 0x000000070ba00000| Untracked |  0
|  57|0x000000070bc00000, 0x000000070bc00000, 0x000000070be00000|  0%| F|  |TAMS 0x000000070bc00000| PB 0x000000070bc00000| Untracked |  0
|  58|0x000000070be00000, 0x000000070be00000, 0x000000070c000000|  0%| F|  |TAMS 0x000000070be00000| PB 0x000000070be00000| Untracked |  0
|  59|0x000000070c000000, 0x000000070c000000, 0x000000070c200000|  0%| F|  |TAMS 0x000000070c000000| PB 0x000000070c000000| Untracked |  0
|  60|0x000000070c200000, 0x000000070c200000, 0x000000070c400000|  0%| F|  |TAMS 0x000000070c200000| PB 0x000000070c200000| Untracked |  0
|  61|0x000000070c400000, 0x000000070c400000, 0x000000070c600000|  0%| F|  |TAMS 0x000000070c400000| PB 0x000000070c400000| Untracked |  0
|  62|0x000000070c600000, 0x000000070c600000, 0x000000070c800000|  0%| F|  |TAMS 0x000000070c600000| PB 0x000000070c600000| Untracked |  0
|  63|0x000000070c800000, 0x000000070c800000, 0x000000070ca00000|  0%| F|  |TAMS 0x000000070c800000| PB 0x000000070c800000| Untracked |  0
|  64|0x000000070ca00000, 0x000000070ca00000, 0x000000070cc00000|  0%| F|  |TAMS 0x000000070ca00000| PB 0x000000070ca00000| Untracked |  0
|  65|0x000000070cc00000, 0x000000070cc00000, 0x000000070ce00000|  0%| F|  |TAMS 0x000000070cc00000| PB 0x000000070cc00000| Untracked |  0
|  66|0x000000070ce00000, 0x000000070ce00000, 0x000000070d000000|  0%| F|  |TAMS 0x000000070ce00000| PB 0x000000070ce00000| Untracked |  0
|  67|0x000000070d000000, 0x000000070d000000, 0x000000070d200000|  0%| F|  |TAMS 0x000000070d000000| PB 0x000000070d000000| Untracked |  0
|  68|0x000000070d200000, 0x000000070d200000, 0x000000070d400000|  0%| F|  |TAMS 0x000000070d200000| PB 0x000000070d200000| Untracked |  0
|  69|0x000000070d400000, 0x000000070d400000, 0x000000070d600000|  0%| F|  |TAMS 0x000000070d400000| PB 0x000000070d400000| Untracked |  0
|  70|0x000000070d600000, 0x000000070d600000, 0x000000070d800000|  0%| F|  |TAMS 0x000000070d600000| PB 0x000000070d600000| Untracked |  0
|  71|0x000000070d800000, 0x000000070d800000, 0x000000070da00000|  0%| F|  |TAMS 0x000000070d800000| PB 0x000000070d800000| Untracked |  0
|  72|0x000000070da00000, 0x000000070da00000, 0x000000070dc00000|  0%| F|  |TAMS 0x000000070da00000| PB 0x000000070da00000| Untracked |  0
|  73|0x000000070dc00000, 0x000000070dc00000, 0x000000070de00000|  0%| F|  |TAMS 0x000000070dc00000| PB 0x000000070dc00000| Untracked |  0
|  74|0x000000070de00000, 0x000000070de00000, 0x000000070e000000|  0%| F|  |TAMS 0x000000070de00000| PB 0x000000070de00000| Untracked |  0
|  75|0x000000070e000000, 0x000000070e000000, 0x000000070e200000|  0%| F|  |TAMS 0x000000070e000000| PB 0x000000070e000000| Untracked |  0
|  76|0x000000070e200000, 0x000000070e200000, 0x000000070e400000|  0%| F|  |TAMS 0x000000070e200000| PB 0x000000070e200000| Untracked |  0
|  77|0x000000070e400000, 0x000000070e400000, 0x000000070e600000|  0%| F|  |TAMS 0x000000070e400000| PB 0x000000070e400000| Untracked |  0
|  78|0x000000070e600000, 0x000000070e600000, 0x000000070e800000|  0%| F|  |TAMS 0x000000070e600000| PB 0x000000070e600000| Untracked |  0
|  79|0x000000070e800000, 0x000000070e800000, 0x000000070ea00000|  0%| F|  |TAMS 0x000000070e800000| PB 0x000000070e800000| Untracked |  0
|  80|0x000000070ea00000, 0x000000070ea00000, 0x000000070ec00000|  0%| F|  |TAMS 0x000000070ea00000| PB 0x000000070ea00000| Untracked |  0
|  81|0x000000070ec00000, 0x000000070ec00000, 0x000000070ee00000|  0%| F|  |TAMS 0x000000070ec00000| PB 0x000000070ec00000| Untracked |  0
|  82|0x000000070ee00000, 0x000000070ee00000, 0x000000070f000000|  0%| F|  |TAMS 0x000000070ee00000| PB 0x000000070ee00000| Untracked |  0
|  83|0x000000070f000000, 0x000000070f000000, 0x000000070f200000|  0%| F|  |TAMS 0x000000070f000000| PB 0x000000070f000000| Untracked |  0
|  84|0x000000070f200000, 0x000000070f200000, 0x000000070f400000|  0%| F|  |TAMS 0x000000070f200000| PB 0x000000070f200000| Untracked |  0
|  85|0x000000070f400000, 0x000000070f400000, 0x000000070f600000|  0%| F|  |TAMS 0x000000070f400000| PB 0x000000070f400000| Untracked |  0
|  86|0x000000070f600000, 0x000000070f600000, 0x000000070f800000|  0%| F|  |TAMS 0x000000070f600000| PB 0x000000070f600000| Untracked |  0
|  87|0x000000070f800000, 0x000000070f800000, 0x000000070fa00000|  0%| F|  |TAMS 0x000000070f800000| PB 0x000000070f800000| Untracked |  0
|  88|0x000000070fa00000, 0x000000070fa00000, 0x000000070fc00000|  0%| F|  |TAMS 0x000000070fa00000| PB 0x000000070fa00000| Untracked |  0
|  89|0x000000070fc00000, 0x000000070fc00000, 0x000000070fe00000|  0%| F|  |TAMS 0x000000070fc00000| PB 0x000000070fc00000| Untracked |  0
|  90|0x000000070fe00000, 0x000000070fe00000, 0x0000000710000000|  0%| F|  |TAMS 0x000000070fe00000| PB 0x000000070fe00000| Untracked |  0
|  91|0x0000000710000000, 0x0000000710000000, 0x0000000710200000|  0%| F|  |TAMS 0x0000000710000000| PB 0x0000000710000000| Untracked |  0
|  92|0x0000000710200000, 0x0000000710200000, 0x0000000710400000|  0%| F|  |TAMS 0x0000000710200000| PB 0x0000000710200000| Untracked |  0
|  93|0x0000000710400000, 0x0000000710400000, 0x0000000710600000|  0%| F|  |TAMS 0x0000000710400000| PB 0x0000000710400000| Untracked |  0
|  94|0x0000000710600000, 0x0000000710600000, 0x0000000710800000|  0%| F|  |TAMS 0x0000000710600000| PB 0x0000000710600000| Untracked |  0
|  95|0x0000000710800000, 0x0000000710800000, 0x0000000710a00000|  0%| F|  |TAMS 0x0000000710800000| PB 0x0000000710800000| Untracked |  0
|  96|0x0000000710a00000, 0x0000000710a00000, 0x0000000710c00000|  0%| F|  |TAMS 0x0000000710a00000| PB 0x0000000710a00000| Untracked |  0
|  97|0x0000000710c00000, 0x0000000710c00000, 0x0000000710e00000|  0%| F|  |TAMS 0x0000000710c00000| PB 0x0000000710c00000| Untracked |  0
|  98|0x0000000710e00000, 0x0000000710e00000, 0x0000000711000000|  0%| F|  |TAMS 0x0000000710e00000| PB 0x0000000710e00000| Untracked |  0
|  99|0x0000000711000000, 0x0000000711000000, 0x0000000711200000|  0%| F|  |TAMS 0x0000000711000000| PB 0x0000000711000000| Untracked |  0
| 100|0x0000000711200000, 0x0000000711200000, 0x0000000711400000|  0%| F|  |TAMS 0x0000000711200000| PB 0x0000000711200000| Untracked |  0
| 101|0x0000000711400000, 0x0000000711400000, 0x0000000711600000|  0%| F|  |TAMS 0x0000000711400000| PB 0x0000000711400000| Untracked |  0
| 102|0x0000000711600000, 0x0000000711600000, 0x0000000711800000|  0%| F|  |TAMS 0x0000000711600000| PB 0x0000000711600000| Untracked |  0
| 103|0x0000000711800000, 0x0000000711800000, 0x0000000711a00000|  0%| F|  |TAMS 0x0000000711800000| PB 0x0000000711800000| Untracked |  0
| 104|0x0000000711a00000, 0x0000000711a00000, 0x0000000711c00000|  0%| F|  |TAMS 0x0000000711a00000| PB 0x0000000711a00000| Untracked |  0
| 105|0x0000000711c00000, 0x0000000711c00000, 0x0000000711e00000|  0%| F|  |TAMS 0x0000000711c00000| PB 0x0000000711c00000| Untracked |  0
| 106|0x0000000711e00000, 0x0000000711e00000, 0x0000000712000000|  0%| F|  |TAMS 0x0000000711e00000| PB 0x0000000711e00000| Untracked |  0
| 107|0x0000000712000000, 0x0000000712000000, 0x0000000712200000|  0%| F|  |TAMS 0x0000000712000000| PB 0x0000000712000000| Untracked |  0
| 108|0x0000000712200000, 0x0000000712200000, 0x0000000712400000|  0%| F|  |TAMS 0x0000000712200000| PB 0x0000000712200000| Untracked |  0
| 109|0x0000000712400000, 0x0000000712400000, 0x0000000712600000|  0%| F|  |TAMS 0x0000000712400000| PB 0x0000000712400000| Untracked |  0
| 110|0x0000000712600000, 0x0000000712600000, 0x0000000712800000|  0%| F|  |TAMS 0x0000000712600000| PB 0x0000000712600000| Untracked |  0
| 111|0x0000000712800000, 0x0000000712800000, 0x0000000712a00000|  0%| F|  |TAMS 0x0000000712800000| PB 0x0000000712800000| Untracked |  0
| 112|0x0000000712a00000, 0x0000000712a00000, 0x0000000712c00000|  0%| F|  |TAMS 0x0000000712a00000| PB 0x0000000712a00000| Untracked |  0
| 113|0x0000000712c00000, 0x0000000712c00000, 0x0000000712e00000|  0%| F|  |TAMS 0x0000000712c00000| PB 0x0000000712c00000| Untracked |  0
| 114|0x0000000712e00000, 0x0000000712e00000, 0x0000000713000000|  0%| F|  |TAMS 0x0000000712e00000| PB 0x0000000712e00000| Untracked |  0
| 115|0x0000000713000000, 0x0000000713000000, 0x0000000713200000|  0%| F|  |TAMS 0x0000000713000000| PB 0x0000000713000000| Untracked |  0
| 116|0x0000000713200000, 0x0000000713200000, 0x0000000713400000|  0%| F|  |TAMS 0x0000000713200000| PB 0x0000000713200000| Untracked |  0
| 117|0x0000000713400000, 0x00000007135ebce0, 0x0000000713600000| 96%| E|  |TAMS 0x0000000713400000| PB 0x0000000713400000| Complete |  0
| 118|0x0000000713600000, 0x0000000713800000, 0x0000000713800000|100%| E|CS|TAMS 0x0000000713600000| PB 0x0000000713600000| Complete |  0
| 119|0x0000000713800000, 0x0000000713a00000, 0x0000000713a00000|100%| E|CS|TAMS 0x0000000713800000| PB 0x0000000713800000| Complete |  0
| 120|0x0000000713a00000, 0x0000000713c00000, 0x0000000713c00000|100%| E|CS|TAMS 0x0000000713a00000| PB 0x0000000713a00000| Complete |  0
| 121|0x0000000713c00000, 0x0000000713e00000, 0x0000000713e00000|100%| E|CS|TAMS 0x0000000713c00000| PB 0x0000000713c00000| Complete |  0
| 122|0x0000000713e00000, 0x0000000714000000, 0x0000000714000000|100%| E|CS|TAMS 0x0000000713e00000| PB 0x0000000713e00000| Complete |  0
| 123|0x0000000714000000, 0x0000000714200000, 0x0000000714200000|100%| E|CS|TAMS 0x0000000714000000| PB 0x0000000714000000| Complete |  0
| 124|0x0000000714200000, 0x0000000714400000, 0x0000000714400000|100%| E|CS|TAMS 0x0000000714200000| PB 0x0000000714200000| Complete |  0
| 125|0x0000000714400000, 0x0000000714600000, 0x0000000714600000|100%| E|CS|TAMS 0x0000000714400000| PB 0x0000000714400000| Complete |  0

Card table byte_map: [0x0000012be5830000,0x0000012be6010000] _byte_map_base: 0x0000012be200b000

Marking Bits: (CMBitMap*) 0x0000012bcd4f28d0
 Bits: [0x0000012be6010000, 0x0000012be9ee8000)

Polling page: 0x0000012bccc50000

Metaspace:

Usage:
  Non-class:      9.57 MB used.
      Class:      1.23 MB used.
       Both:     10.80 MB used.

Virtual space:
  Non-class space:       64.00 MB reserved,       9.69 MB ( 15%) committed,  1 nodes.
      Class space:        1.00 GB reserved,       1.31 MB ( <1%) committed,  1 nodes.
             Both:        1.06 GB reserved,      11.00 MB (  1%) committed. 

Chunk freelists:
   Non-Class:  6.36 MB
       Class:  14.72 MB
        Both:  21.08 MB

MaxMetaspaceSize: unlimited
CompressedClassSpaceSize: 1.00 GB
Initial GC threshold: 21.00 MB
Current GC threshold: 21.00 MB
CDS: on
 - commit_granule_bytes: 65536.
 - commit_granule_words: 8192.
 - virtual_space_node_default_size: 8388608.
 - enlarge_chunks_in_place: 1.
 - use_allocation_guard: 0.


Internal statistics:

num_allocs_failed_limit: 0.
num_arena_births: 154.
num_arena_deaths: 0.
num_vsnodes_births: 2.
num_vsnodes_deaths: 0.
num_space_committed: 176.
num_space_uncommitted: 0.
num_chunks_returned_to_freelist: 0.
num_chunks_taken_from_freelist: 205.
num_chunk_merges: 0.
num_chunk_splits: 122.
num_chunks_enlarged: 56.
num_inconsistent_stats: 0.

CodeHeap 'non-profiled nmethods': size=119168Kb used=872Kb max_used=872Kb free=118295Kb
 bounds [0x0000012bdd370000, 0x0000012bdd5e0000, 0x0000012be47d0000]
CodeHeap 'profiled nmethods': size=119104Kb used=3084Kb max_used=3084Kb free=116020Kb
 bounds [0x0000012bd57d0000, 0x0000012bd5ae0000, 0x0000012bdcc20000]
CodeHeap 'non-nmethods': size=7488Kb used=1631Kb max_used=3352Kb free=5857Kb
 bounds [0x0000012bdcc20000, 0x0000012bdcf70000, 0x0000012bdd370000]
 total_blobs=2309 nmethods=1626 adapters=588
 compilation: enabled
              stopped_count=0, restarted_count=0
 full_count=0

Compilation events (20 events):
Event: 43.475 Thread 0x0000012bc5158050 1617       3       sun.java2d.marlin.ArrayCacheIntClean::fill (21 bytes)
Event: 43.475 Thread 0x0000012bc5158050 nmethod 1617 0x0000012bd5ace090 code [0x0000012bd5ace240, 0x0000012bd5ace390]
Event: 43.475 Thread 0x0000012bc5158050 1619       3       java.awt.geom.Path2D::getBounds2D (428 bytes)
Event: 43.476 Thread 0x0000012bc5158050 nmethod 1619 0x0000012bd5ace490 code [0x0000012bd5ace720, 0x0000012bd5acf9b8]
Event: 43.476 Thread 0x0000012bc5158050 1618  s    3       java.awt.geom.Path2D$Float::getBounds2D (9 bytes)
Event: 43.476 Thread 0x0000012bc5158050 nmethod 1618 0x0000012bd5acff90 code [0x0000012bd5ad0160, 0x0000012bd5ad0628]
Event: 43.696 Thread 0x0000012bc5158050 1620       3       java.awt.Component::isFocusTraversable (17 bytes)
Event: 43.696 Thread 0x0000012bc5158050 nmethod 1620 0x0000012bd5ad0790 code [0x0000012bd5ad0920, 0x0000012bd5ad0a68]
Event: 44.662 Thread 0x0000012bec4dc190 1621       4       java.awt.event.MouseEvent::<init> (211 bytes)
Event: 44.678 Thread 0x0000012bec4dc190 nmethod 1621 0x0000012bdd448190 code [0x0000012bdd4483e0, 0x0000012bdd449300]
Event: 44.678 Thread 0x0000012bec4dc190 1622   !   4       java.awt.event.InputEvent::canAccessSystemClipboard (57 bytes)
Event: 44.679 Thread 0x0000012bec4dc190 nmethod 1622 0x0000012bdd449c90 code [0x0000012bdd449e20, 0x0000012bdd449ef0]
Event: 45.574 Thread 0x0000012bc5158050 1623   !   3       java.util.WeakHashMap::expungeStaleEntries (139 bytes)
Event: 45.575 Thread 0x0000012bc5158050 nmethod 1623 0x0000012bd5ad0b10 code [0x0000012bd5ad0d00, 0x0000012bd5ad1550]
Event: 45.575 Thread 0x0000012bc5158050 1624       1       sun.util.locale.BaseLocale::getVariant (5 bytes)
Event: 45.575 Thread 0x0000012bc5158050 nmethod 1624 0x0000012bdd44a010 code [0x0000012bdd44a1a0, 0x0000012bdd44a270]
Event: 45.575 Thread 0x0000012bc5158050 1625       3       sun.java2d.pipe.Region::<init> (26 bytes)
Event: 45.576 Thread 0x0000012bc5158050 nmethod 1625 0x0000012bd5ad1990 code [0x0000012bd5ad1b20, 0x0000012bd5ad1c90]
Event: 45.576 Thread 0x0000012bc5158050 1626   !   3       sun.java2d.SunGraphics2D::validateCompClip (186 bytes)
Event: 45.577 Thread 0x0000012bc5158050 nmethod 1626 0x0000012bd5ad1d90 code [0x0000012bd5ad2020, 0x0000012bd5ad2c50]

GC Heap History (0 events):
No events

Dll operation events (11 events):
Event: 0.010 Loaded shared library C:\Program Files\Java\jdk-22\bin\java.dll
Event: 0.048 Loaded shared library C:\Program Files\Java\jdk-22\bin\jsvml.dll
Event: 0.086 Loaded shared library C:\Program Files\Java\jdk-22\bin\net.dll
Event: 0.089 Loaded shared library C:\Program Files\Java\jdk-22\bin\nio.dll
Event: 0.093 Loaded shared library C:\Program Files\Java\jdk-22\bin\zip.dll
Event: 0.136 Loaded shared library C:\Program Files\Java\jdk-22\bin\jimage.dll
Event: 0.159 Loaded shared library C:\Program Files\Java\jdk-22\bin\awt.dll
Event: 0.198 Loaded shared library C:\Program Files\Java\jdk-22\bin\verify.dll
Event: 0.309 Loaded shared library C:\Program Files\Java\jdk-22\bin\freetype.dll
Event: 0.310 Loaded shared library C:\Program Files\Java\jdk-22\bin\fontmanager.dll
Event: 0.512 Loaded shared library C:\Program Files\Java\jdk-22\bin\rxtxSerial.dll

Deoptimization events (20 events):
Event: 0.714 Thread 0x0000012bc6984ce0 DEOPT PACKING pc=0x0000012bdd3bac58 sp=0x0000000a516fc810
Event: 0.714 Thread 0x0000012bc6984ce0 DEOPT UNPACKING pc=0x0000012bdcc746a2 sp=0x0000000a516fc788 mode 2
Event: 1.447 Thread 0x0000012bc6984ce0 Uncommon trap: trap_request=0xffffff45 fr.pc=0x0000012bdd3d6138 relative=0x0000000000000098
Event: 1.447 Thread 0x0000012bc6984ce0 Uncommon trap: reason=unstable_if action=reinterpret pc=0x0000012bdd3d6138 method=java.awt.Component.inside(II)Z @ 1 c2
Event: 1.447 Thread 0x0000012bc6984ce0 DEOPT PACKING pc=0x0000012bdd3d6138 sp=0x0000000a516fe190
Event: 1.447 Thread 0x0000012bc6984ce0 DEOPT UNPACKING pc=0x0000012bdcc746a2 sp=0x0000000a516fe020 mode 2
Event: 5.078 Thread 0x0000012bc6984ce0 DEOPT PACKING pc=0x0000012bd59961b3 sp=0x0000000a516fcfc0
Event: 5.078 Thread 0x0000012bc6984ce0 DEOPT UNPACKING pc=0x0000012bdcc74e42 sp=0x0000000a516fc438 mode 0
Event: 6.547 Thread 0x0000012bc6984ce0 DEOPT PACKING pc=0x0000012bd5976298 sp=0x0000000a516fcf80
Event: 6.547 Thread 0x0000012bc6984ce0 DEOPT UNPACKING pc=0x0000012bdcc74e42 sp=0x0000000a516fc378 mode 0
Event: 6.947 Thread 0x0000012bc6984ce0 DEOPT PACKING pc=0x0000012bd594b131 sp=0x0000000a516fd530
Event: 6.947 Thread 0x0000012bc6984ce0 DEOPT UNPACKING pc=0x0000012bdcc74e42 sp=0x0000000a516fc930 mode 0
Event: 7.011 Thread 0x0000012bc6984ce0 DEOPT PACKING pc=0x0000012bd5967e76 sp=0x0000000a516fd3a0
Event: 7.011 Thread 0x0000012bc6984ce0 DEOPT UNPACKING pc=0x0000012bdcc74e42 sp=0x0000000a516fc728 mode 0
Event: 8.105 Thread 0x0000012bc6984ce0 DEOPT PACKING pc=0x0000012bd599f38e sp=0x0000000a516fce10
Event: 8.105 Thread 0x0000012bc6984ce0 DEOPT UNPACKING pc=0x0000012bdcc74e42 sp=0x0000000a516fc298 mode 0
Event: 22.845 Thread 0x0000012bc6984ce0 Uncommon trap: trap_request=0xffffff6e fr.pc=0x0000012bdd4304e0 relative=0x0000000000000320
Event: 22.845 Thread 0x0000012bc6984ce0 Uncommon trap: reason=loop_limit_check action=maybe_recompile pc=0x0000012bdd4304e0 method=java.awt.EventDispatchThread.filterAndCheckEvent(Ljava/awt/AWTEvent;)Z @ 22 c2
Event: 22.845 Thread 0x0000012bc6984ce0 DEOPT PACKING pc=0x0000012bdd4304e0 sp=0x0000000a516fedf0
Event: 22.845 Thread 0x0000012bc6984ce0 DEOPT UNPACKING pc=0x0000012bdcc746a2 sp=0x0000000a516fed80 mode 2

Classes loaded (20 events):
Event: 0.752 Loading class java/text/AttributedCharacterIterator done
Event: 0.752 Loading class java/text/AttributedString$AttributedStringIterator done
Event: 5.211 Loading class java/util/TooManyListenersException
Event: 5.211 Loading class java/util/TooManyListenersException done
Event: 5.213 Loading class java/lang/NumberFormatException
Event: 5.213 Loading class java/lang/NumberFormatException done
Event: 5.214 Loading class java/lang/IndexOutOfBoundsException
Event: 5.214 Loading class java/lang/IndexOutOfBoundsException done
Event: 5.222 Loading class java/lang/Thread$ThreadNumbering
Event: 5.222 Loading class java/lang/Thread$ThreadNumbering done
Event: 5.223 Loading class jdk/internal/event/ThreadSleepEvent
Event: 5.223 Loading class jdk/internal/event/Event
Event: 5.223 Loading class jdk/internal/event/Event done
Event: 5.223 Loading class jdk/internal/event/ThreadSleepEvent done
Event: 5.235 Loading class javax/swing/RepaintManager$3
Event: 5.235 Loading class javax/swing/RepaintManager$3 done
Event: 8.516 Loading class java/awt/LightweightDispatcher$2
Event: 8.516 Loading class java/awt/LightweightDispatcher$2 done
Event: 14.819 Loading class java/security/DomainCombiner
Event: 14.819 Loading class java/security/DomainCombiner done

Classes unloaded (0 events):
No events

Classes redefined (0 events):
No events

Internal exceptions (20 events):
Event: 0.348 Thread 0x0000012bcb34cb50 Exception <a 'java/lang/ClassNotFoundException'{0x0000000713f10870}: TreeCell> (0x0000000713f10870) 
thrown [s\open\src\hotspot\share\classfile\systemDictionary.cpp, line 313]
Event: 0.348 Thread 0x0000012bcb34cb50 Exception <a 'java/lang/ClassNotFoundException'{0x0000000713f11018}: RootPane> (0x0000000713f11018) 
thrown [s\open\src\hotspot\share\classfile\systemDictionary.cpp, line 313]
Event: 0.350 Thread 0x0000012bcb34cb50 Exception <a 'java/lang/ClassNotFoundException'{0x0000000713f13da8}: com/sun/swing/internal/plaf/metal/resources/spi/metalProvider> (0x0000000713f13da8) 
thrown [s\open\src\hotspot\share\classfile\systemDictionary.cpp, line 313]
Event: 0.351 Thread 0x0000012bcb34cb50 Exception <a 'java/lang/ClassNotFoundException'{0x0000000713f17af8}: com/sun/swing/internal/plaf/basic/resources/spi/basicProvider> (0x0000000713f17af8) 
thrown [s\open\src\hotspot\share\classfile\systemDictionary.cpp, line 313]
Event: 0.373 Thread 0x0000012bc6984ce0 Exception <a 'java/lang/ClassNotFoundException'{0x0000000713f872c0}: com/sun/swing/internal/plaf/synth/resources/spi/synthProvider> (0x0000000713f872c0) 
thrown [s\open\src\hotspot\share\classfile\systemDictionary.cpp, line 313]
Event: 0.389 Thread 0x0000012bc6984ce0 Exception <a 'java/lang/NoSuchMethodError'{0x0000000713fcae90}: 'int java.lang.invoke.Invokers$Holder.invokeExact_MT(java.lang.Object, java.lang.Object)'> (0x0000000713fcae90) 
thrown [s\open\src\hotspot\share\interpreter\linkResolver.cpp, line 774]
Event: 0.391 Thread 0x0000012bc6984ce0 Exception <a 'java/lang/NoSuchMethodError'{0x0000000713fd0b78}: 'java.lang.Object java.lang.invoke.DirectMethodHandle$Holder.newInvokeSpecial(java.lang.Object, java.lang.Object, int)'> (0x0000000713fd0b78) 
thrown [s\open\src\hotspot\share\interpreter\linkResolver.cpp, line 774]
Event: 0.392 Thread 0x0000012bc6984ce0 Exception <a 'java/lang/NoSuchMethodError'{0x0000000713fd5c38}: 'int java.lang.invoke.DirectMethodHandle$Holder.invokeSpecial(java.lang.Object, java.lang.Object, java.lang.Object, int)'> (0x0000000713fd5c38) 
thrown [s\open\src\hotspot\share\interpreter\linkResolver.cpp, line 774]
Event: 0.393 Thread 0x0000012bc6984ce0 Exception <a 'java/lang/NoSuchMethodError'{0x0000000713fe85b8}: 'java.lang.Object java.lang.invoke.DirectMethodHandle$Holder.invokeStatic(java.lang.Object, java.lang.Object, java.lang.Object, java.lang.Object, int)'> (0x0000000713fe85b8) 
thrown [s\open\src\hotspot\share\interpreter\linkResolver.cpp, line 774]
Event: 0.394 Thread 0x0000012bc6984ce0 Exception <a 'java/lang/NoSuchMethodError'{0x0000000713c055d8}: 'int java.lang.invoke.DirectMethodHandle$Holder.invokeSpecial(java.lang.Object, java.lang.Object, java.lang.Object)'> (0x0000000713c055d8) 
thrown [s\open\src\hotspot\share\interpreter\linkResolver.cpp, line 774]
Event: 0.456 Thread 0x0000012bc54eb3a0 Exception <a 'java/lang/NoSuchMethodError'{0x00000007141f9f58}: 'void java.lang.invoke.DirectMethodHandle$Holder.invokeVirtual(java.lang.Object, java.lang.Object)'> (0x00000007141f9f58) 
thrown [s\open\src\hotspot\share\interpreter\linkResolver.cpp, line 774]
Event: 0.468 Thread 0x0000012bc6984ce0 Exception <a 'java/lang/NoSuchMethodError'{0x0000000713cb12e8}: 'void java.lang.invoke.DirectMethodHandle$Holder.invokeStaticInit(java.lang.Object)'> (0x0000000713cb12e8) 
thrown [s\open\src\hotspot\share\interpreter\linkResolver.cpp, line 774]
Event: 0.514 Thread 0x0000012bc6984ce0 Exception <a 'java/io/FileNotFoundException'{0x0000000713d8bdf8}> (0x0000000713d8bdf8) 
thrown [s\open\src\hotspot\share\prims\jni.cpp, line 520]
Event: 0.517 Thread 0x0000012bc6984ce0 Exception <a 'java/io/FileNotFoundException'{0x0000000713d9dac0}> (0x0000000713d9dac0) 
thrown [s\open\src\hotspot\share\prims\jni.cpp, line 520]
Event: 0.518 Thread 0x0000012bc6984ce0 Exception <a 'java/io/FileNotFoundException'{0x0000000713dabe48}> (0x0000000713dabe48) 
thrown [s\open\src\hotspot\share\prims\jni.cpp, line 520]
Event: 0.520 Thread 0x0000012bc6984ce0 Exception <a 'java/io/FileNotFoundException'{0x0000000713dbd560}> (0x0000000713dbd560) 
thrown [s\open\src\hotspot\share\prims\jni.cpp, line 520]
Event: 0.714 Thread 0x0000012bc6984ce0 Implicit null exception at 0x0000012bdd3ba953 to 0x0000012bdd3bac1e
Event: 0.714 Thread 0x0000012bc6984ce0 Implicit null exception at 0x0000012bdd3ba953 to 0x0000012bdd3bac1e
Event: 0.714 Thread 0x0000012bc6984ce0 Implicit null exception at 0x0000012bdd3ba953 to 0x0000012bdd3bac1e
Event: 0.714 Thread 0x0000012bc6984ce0 Implicit null exception at 0x0000012bdd3ba953 to 0x0000012bdd3bac1e

ZGC Phase Switch (0 events):
No events

VM Operations (20 events):
Event: 13.863 Executing VM operation: Cleanup
Event: 13.863 Executing VM operation: Cleanup done
Event: 14.866 Executing VM operation: Cleanup
Event: 14.866 Executing VM operation: Cleanup done
Event: 16.891 Executing VM operation: Cleanup
Event: 16.891 Executing VM operation: Cleanup done
Event: 20.932 Executing VM operation: Cleanup
Event: 20.932 Executing VM operation: Cleanup done
Event: 21.940 Executing VM operation: Cleanup
Event: 21.940 Executing VM operation: Cleanup done
Event: 24.962 Executing VM operation: Cleanup
Event: 24.962 Executing VM operation: Cleanup done
Event: 42.119 Executing VM operation: Cleanup
Event: 42.119 Executing VM operation: Cleanup done
Event: 43.132 Executing VM operation: Cleanup
Event: 43.132 Executing VM operation: Cleanup done
Event: 44.144 Executing VM operation: Cleanup
Event: 44.144 Executing VM operation: Cleanup done
Event: 46.165 Executing VM operation: Cleanup
Event: 46.165 Executing VM operation: Cleanup done

Events (20 events):
Event: 0.078 Thread 0x0000012bc5279fe0 Thread added: 0x0000012bc5279fe0
Event: 0.079 Thread 0x0000012bc528a8b0 Thread added: 0x0000012bc528a8b0
Event: 0.080 Thread 0x0000012bc528d7a0 Thread added: 0x0000012bc528d7a0
Event: 0.083 Thread 0x0000012bc52b3c10 Thread added: 0x0000012bc52b3c10
Event: 0.228 Thread 0x0000012bc54e4040 Thread added: 0x0000012bc54e4040
Event: 0.230 Thread 0x0000012bc54e7f20 Thread added: 0x0000012bc54e7f20
Event: 0.232 Thread 0x0000012bc54eb3a0 Thread added: 0x0000012bc54eb3a0
Event: 0.362 Thread 0x0000012bc6984ce0 Thread added: 0x0000012bc6984ce0
Event: 0.362 Thread 0x0000012bcb34cb50 Thread exited: 0x0000012bcb34cb50
Event: 0.362 Thread 0x0000012bcb34cb50 Thread added: 0x0000012bcb34cb50
Event: 0.602 Thread 0x0000012bc6ee1ef0 Thread added: 0x0000012bc6ee1ef0
Event: 0.617 Thread 0x0000012bc6f11c80 Thread added: 0x0000012bc6f11c80
Event: 0.922 Thread 0x0000012bc6f11c80 Thread exited: 0x0000012bc6f11c80
Event: 0.922 Thread 0x0000012bc6ee1ef0 Thread exited: 0x0000012bc6ee1ef0
Event: 5.057 Thread 0x0000012bc528a8b0 Thread exited: 0x0000012bc528a8b0
Event: 5.058 Thread 0x0000012bc5279fe0 Thread exited: 0x0000012bc5279fe0
Event: 5.223 Thread 0x0000012bc6f1fc70 Thread added: 0x0000012bc6f1fc70
Event: 6.365 Thread 0x0000012bc523c560 Thread exited: 0x0000012bc523c560
Event: 14.671 Thread 0x0000012bc7ffbfd0 Thread added: 0x0000012bc7ffbfd0
Event: 15.193 Thread 0x0000012bc7ffbfd0 Thread exited: 0x0000012bc7ffbfd0


Dynamic libraries:
0x00007ff6b6ce0000 - 0x00007ff6b6cf0000 	C:\Program Files\Java\jdk-22\bin\java.exe
0x00007ffd9e170000 - 0x00007ffd9e387000 	C:\Windows\SYSTEM32\ntdll.dll
0x00007ffd9cc60000 - 0x00007ffd9cd24000 	C:\Windows\System32\KERNEL32.DLL
0x00007ffd9b680000 - 0x00007ffd9ba2d000 	C:\Windows\System32\KERNELBASE.dll
0x00007ffd9bb00000 - 0x00007ffd9bc11000 	C:\Windows\System32\ucrtbase.dll
0x00007ffd72550000 - 0x00007ffd7256b000 	C:\Program Files\Java\jdk-22\bin\VCRUNTIME140.dll
0x00007ffd87b40000 - 0x00007ffd87b57000 	C:\Program Files\Java\jdk-22\bin\jli.dll
0x00007ffd9bfe0000 - 0x00007ffd9c092000 	C:\Windows\System32\ADVAPI32.dll
0x00007ffd9bf30000 - 0x00007ffd9bfd7000 	C:\Windows\System32\msvcrt.dll
0x00007ffd9cd30000 - 0x00007ffd9cdd9000 	C:\Windows\System32\sechost.dll
0x00007ffd9be80000 - 0x00007ffd9bea8000 	C:\Windows\System32\bcrypt.dll
0x00007ffd9e000000 - 0x00007ffd9e114000 	C:\Windows\System32\RPCRT4.dll
0x00007ffd9c0a0000 - 0x00007ffd9c24e000 	C:\Windows\System32\USER32.dll
0x00007ffd9bad0000 - 0x00007ffd9baf6000 	C:\Windows\System32\win32u.dll
0x00007ffd9de10000 - 0x00007ffd9de39000 	C:\Windows\System32\GDI32.dll
0x00007ffd9b4a0000 - 0x00007ffd9b5b9000 	C:\Windows\System32\gdi32full.dll
0x00007ffd9ba30000 - 0x00007ffd9baca000 	C:\Windows\System32\msvcp_win.dll
0x00007ffd7f180000 - 0x00007ffd7f413000 	C:\Windows\WinSxS\amd64_microsoft.windows.common-controls_6595b64144ccf1df_6.0.22621.3672_none_2713b9d173822955\COMCTL32.dll
0x00007ffd910e0000 - 0x00007ffd910ea000 	C:\Windows\SYSTEM32\VERSION.dll
0x00007ffd9d310000 - 0x00007ffd9d341000 	C:\Windows\System32\IMM32.DLL
0x00007ffd8a280000 - 0x00007ffd8a28c000 	C:\Program Files\Java\jdk-22\bin\vcruntime140_1.dll
0x00007ffd464b0000 - 0x00007ffd4653e000 	C:\Program Files\Java\jdk-22\bin\msvcp140.dll
0x00007ffcd95c0000 - 0x00007ffcda307000 	C:\Program Files\Java\jdk-22\bin\server\jvm.dll
0x00007ffd9beb0000 - 0x00007ffd9bf21000 	C:\Windows\System32\WS2_32.dll
0x00007ffd9a330000 - 0x00007ffd9a37d000 	C:\Windows\SYSTEM32\POWRPROF.dll
0x00007ffd93490000 - 0x00007ffd934c4000 	C:\Windows\SYSTEM32\WINMM.dll
0x00007ffd9a310000 - 0x00007ffd9a323000 	C:\Windows\SYSTEM32\UMPDC.dll
0x00007ffd9a5c0000 - 0x00007ffd9a5d8000 	C:\Windows\SYSTEM32\kernel.appcore.dll
0x00007ffd89650000 - 0x00007ffd8965a000 	C:\Program Files\Java\jdk-22\bin\jimage.dll
0x00007ffd98a50000 - 0x00007ffd98c82000 	C:\Windows\SYSTEM32\DBGHELP.DLL
0x00007ffd9d350000 - 0x00007ffd9d6d8000 	C:\Windows\System32\combase.dll
0x00007ffd9da00000 - 0x00007ffd9dad7000 	C:\Windows\System32\OLEAUT32.dll
0x00007ffd797a0000 - 0x00007ffd797d2000 	C:\Windows\SYSTEM32\dbgcore.DLL
0x00007ffd9bc20000 - 0x00007ffd9bc9b000 	C:\Windows\System32\bcryptPrimitives.dll
0x00007ffd62820000 - 0x00007ffd6283e000 	C:\Program Files\Java\jdk-22\bin\java.dll
0x00007ffd9c270000 - 0x00007ffd9cacf000 	C:\Windows\System32\SHELL32.dll
0x00007ffd9d850000 - 0x00007ffd9d9f5000 	C:\Windows\System32\ole32.dll
0x00007ffd993b0000 - 0x00007ffd99cac000 	C:\Windows\SYSTEM32\windows.storage.dll
0x00007ffd99270000 - 0x00007ffd993af000 	C:\Windows\SYSTEM32\wintypes.dll
0x00007ffd9d750000 - 0x00007ffd9d844000 	C:\Windows\System32\SHCORE.dll
0x00007ffd9d6f0000 - 0x00007ffd9d74e000 	C:\Windows\System32\shlwapi.dll
0x00007ffd9b3d0000 - 0x00007ffd9b3f1000 	C:\Windows\SYSTEM32\profapi.dll
0x00007ffd461c0000 - 0x00007ffd46297000 	C:\Program Files\Java\jdk-22\bin\jsvml.dll
0x00007ffd6d110000 - 0x00007ffd6d120000 	C:\Program Files\Java\jdk-22\bin\net.dll
0x00007ffd9aa30000 - 0x00007ffd9aa99000 	C:\Windows\system32\mswsock.dll
0x00007ffd627d0000 - 0x00007ffd627e6000 	C:\Program Files\Java\jdk-22\bin\nio.dll
0x00007ffd546d0000 - 0x00007ffd546e7000 	C:\Program Files\Java\jdk-22\bin\zip.dll
0x00007ffd3a410000 - 0x00007ffd3a59e000 	C:\Program Files\Java\jdk-22\bin\awt.dll
0x00007ffd941d0000 - 0x00007ffd94267000 	C:\Windows\SYSTEM32\apphelp.dll
0x00007ffd6cea0000 - 0x00007ffd6ceb0000 	C:\Program Files\Java\jdk-22\bin\verify.dll
0x00007ffd95880000 - 0x00007ffd9592f000 	C:\Windows\system32\uxtheme.dll
0x00007ffd9dae0000 - 0x00007ffd9dc33000 	C:\Windows\System32\MSCTF.dll
0x00007ffd95ac0000 - 0x00007ffd95aeb000 	C:\Windows\system32\DWMAPI.DLL
0x00007ffd46130000 - 0x00007ffd461b7000 	C:\Program Files\Java\jdk-22\bin\freetype.dll
0x00007ffd1e7d0000 - 0x00007ffd1e8a7000 	C:\Program Files\Java\jdk-22\bin\fontmanager.dll
0x00007ffd50d40000 - 0x00007ffd50e40000 	C:\Windows\system32\opengl32.dll
0x00007ffd7a070000 - 0x00007ffd7a09d000 	C:\Windows\SYSTEM32\GLU32.dll
0x00007ffd98730000 - 0x00007ffd98769000 	C:\Windows\SYSTEM32\dxcore.dll
0x00007ffd9dec0000 - 0x00007ffd9df70000 	C:\Windows\System32\clbcatq.dll
0x00007ffd95640000 - 0x00007ffd957f1000 	C:\Windows\SYSTEM32\WindowsCodecs.dll
0x00007ffd7c3a0000 - 0x00007ffd7c3fe000 	C:\Windows\system32\dataexchange.dll
0x00007ffd8bd30000 - 0x00007ffd8bfba000 	C:\Windows\system32\twinapi.appcore.dll
0x0000000180000000 - 0x0000000180025000 	C:\Program Files\Java\jdk-22\bin\rxtxSerial.dll
0x00007ffd88380000 - 0x00007ffd884ce000 	C:\Windows\SYSTEM32\textinputframework.dll
0x00007ffd93dc0000 - 0x00007ffd93ef3000 	C:\Windows\SYSTEM32\CoreMessaging.dll
0x00007ffd8d3e0000 - 0x00007ffd8d74d000 	C:\Windows\SYSTEM32\CoreUIComponents.dll
0x00007ffd9ac90000 - 0x00007ffd9ac9c000 	C:\Windows\SYSTEM32\CRYPTBASE.DLL

dbghelp: loaded successfully - version: 4.0.5 - missing functions: none
symbol engine: initialized successfully - sym options: 0x614 - pdb path: .;C:\Program Files\Java\jdk-22\bin;C:\Windows\SYSTEM32;C:\Windows\WinSxS\amd64_microsoft.windows.common-controls_6595b64144ccf1df_6.0.22621.3672_none_2713b9d173822955;C:\Program Files\Java\jdk-22\bin\server

VM Arguments:
jvm_args: -Dfile.encoding=UTF-8 
java_command: sac.CarvInsight.view.FrameArduino
java_class_path (initial): C:\Program Files\NetBeans-19\netbeans\java\modules\ext\AbsoluteLayout.jar;C:\Users\adali\OneDrive - Grupo Educad\UNIVERSIDAD\7mo Ciclo\BPM\Proyecto\RSC\itext5-itextpdf-5.5.12.jar;C:\Users\adali\OneDrive - Grupo Educad\UNIVERSIDAD\7mo Ciclo\BPM\Proyecto\RSC\jcalendar-1.4.jar;C:\Users\adali\OneDrive - Grupo Educad\UNIVERSIDAD\7mo Ciclo\BPM\Proyecto\RSC\mysql-connector-j-8.0.33.jar;C:\Users\adali\OneDrive - Grupo Educad\UNIVERSIDAD\7mo Ciclo\BPM\Proyecto\RSC\chart-bar-animation.jar;C:\Users\adali\OneDrive - Grupo Educad\UNIVERSIDAD\7mo Ciclo\BPM\Proyecto\RSC\TimingFramework-0.55.jar;C:\Users\adali\OneDrive - Grupo Educad\UNIVERSIDAD\7mo Ciclo\BPM\ProjectBPM_Final\CarvInsight_Complete\RXTXcomm.jar;C:\Users\adali\OneDrive - Grupo Educad\UNIVERSIDAD\7mo Ciclo\BPM\ProjectBPM_Final\CarvInsight_Complete\build\classes
Launcher Type: SUN_STANDARD

[Global flags]
     intx CICompilerCount                          = 12                                        {product} {ergonomic}
     uint ConcGCThreads                            = 3                                         {product} {ergonomic}
     uint G1ConcRefinementThreads                  = 13                                        {product} {ergonomic}
   size_t G1HeapRegionSize                         = 2097152                                   {product} {ergonomic}
   size_t InitialHeapSize                          = 264241152                                 {product} {ergonomic}
   size_t MarkStackSize                            = 4194304                                   {product} {ergonomic}
   size_t MaxHeapSize                              = 4217372672                                {product} {ergonomic}
   size_t MaxNewSize                               = 2529165312                                {product} {ergonomic}
   size_t MinHeapDeltaBytes                        = 2097152                                   {product} {ergonomic}
   size_t MinHeapSize                              = 8388608                                   {product} {ergonomic}
    uintx NonNMethodCodeHeapSize                   = 7602480                                {pd product} {ergonomic}
    uintx NonProfiledCodeHeapSize                  = 122027880                              {pd product} {ergonomic}
    uintx ProfiledCodeHeapSize                     = 122027880                              {pd product} {ergonomic}
    uintx ReservedCodeCacheSize                    = 251658240                              {pd product} {ergonomic}
     bool SegmentedCodeCache                       = true                                      {product} {ergonomic}
   size_t SoftMaxHeapSize                          = 4217372672                             {manageable} {ergonomic}
     bool UseCompressedOops                        = true                           {product lp64_product} {ergonomic}
     bool UseG1GC                                  = true                                      {product} {ergonomic}
     bool UseLargePagesIndividualAllocation        = false                                  {pd product} {ergonomic}

Logging:
Log output configuration:
 #0: stdout all=warning uptime,level,tags foldmultilines=false
 #1: stderr all=off uptime,level,tags foldmultilines=false

Environment Variables:
JAVA_HOME=C:\Program Files\Java\jdk-17
PATH=C:\Program Files\Rockwell Software\RSCommon;C:\Program Files\Common Files\Oracle\Java\javapath;C:\Program Files (x86)\Common Files\Oracle\Java\javapath;C:\Windows\system32;C:\Windows;C:\Windows\System32\Wbem;C:\Windows\System32\WindowsPowerShell\v1.0\;C:\Windows\System32\OpenSSH\;C:\Program Files (x86)\NVIDIA Corporation\PhysX\Common;C:\Program Files\NVIDIA Corporation\NVIDIA NvDLISR;C:\Program Files\Java\jdk-17\bin;C:\Users\adali\AppData\Local\Microsoft\WindowsApps;C:\Program Files\Java\jdk-17\bin;C:\Program Files\JetBrains\IntelliJ IDEA 2024.1\bin;;C:\Users\adali\AppData\Local\Programs\Microsoft VS Code\bin;C:\src\flutter\bin;
USERNAME=adali
OS=Windows_NT
PROCESSOR_IDENTIFIER=Intel64 Family 6 Model 186 Stepping 2, GenuineIntel
TMP=C:\Users\adali\AppData\Local\Temp
TEMP=C:\Users\adali\AppData\Local\Temp




Periodic native trim disabled

---------------  S Y S T E M  ---------------

OS:
 Windows 11 , 64 bit Build 22621 (10.0.22621.3672)
OS uptime: 4 days 3:49 hours
Hyper-V role detected

CPU: total 16 (initial active 16) (8 cores per cpu, 2 threads per core) family 6 model 186 stepping 2 microcode 0x4112, cx8, cmov, fxsr, ht, mmx, 3dnowpref, sse, sse2, sse3, ssse3, sse4.1, sse4.2, popcnt, lzcnt, tsc, tscinvbit, avx, avx2, aes, erms, clmul, bmi1, bmi2, adx, sha, fma, vzeroupper, clflush, clflushopt, clwb, hv, serialize, rdtscp, rdpid, fsrm, f16c, cet_ibt, cet_ss
Processor Information for processor 0
  Max Mhz: 2400, Current Mhz: 1520, Mhz Limit: 2400
Processor Information for processor 1
  Max Mhz: 2400, Current Mhz: 1520, Mhz Limit: 2400
Processor Information for processor 2
  Max Mhz: 2400, Current Mhz: 1520, Mhz Limit: 2400
Processor Information for processor 3
  Max Mhz: 2400, Current Mhz: 2400, Mhz Limit: 2400
Processor Information for processor 4
  Max Mhz: 2400, Current Mhz: 2400, Mhz Limit: 2400
Processor Information for processor 5
  Max Mhz: 2400, Current Mhz: 1520, Mhz Limit: 2400
Processor Information for processor 6
  Max Mhz: 2400, Current Mhz: 2400, Mhz Limit: 2400
Processor Information for processor 7
  Max Mhz: 2400, Current Mhz: 1520, Mhz Limit: 2400
Processor Information for processor 8
  Max Mhz: 2400, Current Mhz: 2400, Mhz Limit: 2400
Processor Information for processor 9
  Max Mhz: 2400, Current Mhz: 2400, Mhz Limit: 2400
Processor Information for processor 10
  Max Mhz: 2400, Current Mhz: 2400, Mhz Limit: 2400
Processor Information for processor 11
  Max Mhz: 2400, Current Mhz: 1520, Mhz Limit: 2400
Processor Information for processor 12
  Max Mhz: 2400, Current Mhz: 1500, Mhz Limit: 1800
Processor Information for processor 13
  Max Mhz: 2400, Current Mhz: 1500, Mhz Limit: 1800
Processor Information for processor 14
  Max Mhz: 2400, Current Mhz: 1500, Mhz Limit: 1800
Processor Information for processor 15
  Max Mhz: 2400, Current Mhz: 1500, Mhz Limit: 1800

Memory: 4k page, system-wide physical 16087M (2933M free)
TotalPageFile size 25303M (AvailPageFile size 5872M)
current process WorkingSet (physical memory assigned to process): 92M, peak: 99M
current process commit charge ("private bytes"): 373M, peak: 384M

vm_info: Java HotSpot(TM) 64-Bit Server VM (22.0.1+8-16) for windows-amd64 JRE (22.0.1+8-16), built on 2024-03-12T10:33:16Z by "mach5one" with MS VC++ 17.6 (VS2022)

END.
