#
# A fatal error has been detected by the Java Runtime Environment:
#
#  EXCEPTION_ACCESS_VIOLATION (0xc0000005) at pc=0x0000000180005156, pid=65980, tid=64924
#
# JRE version: Java(TM) SE Runtime Environment (22.0.1+8) (build 22.0.1+8-16)
# Java VM: Java HotSpot(TM) 64-Bit Server VM (22.0.1+8-16, mixed mode, sharing, tiered, compressed oops, compressed class ptrs, g1 gc, windows-amd64)
# Problematic frame:
# C  [rxtxSerial.dll+0x5156]
#
# No core dump will be written. Minidumps are not enabled by default on client versions of Windows
#
# If you would like to submit a bug report, please visit:
#   https://bugreport.java.com/bugreport/crash.jsp
# The crash happened outside the Java Virtual Machine in native code.
# See problematic frame for where to report the bug.
#

---------------  S U M M A R Y ------------

Command Line: -Dfile.encoding=UTF-8 sac.CarvInsight.view.FrameArduino

Host: 13th Gen Intel(R) Core(TM) i7-13620H, 16 cores, 15G,  Windows 11 , 64 bit Build 22621 (10.0.22621.3672)
Time: Mon Jul 15 17:37:54 2024 Hora est. Pacífico, Sudamérica elapsed time: 37.832062 seconds (0d 0h 0m 37s)

---------------  T H R E A D  ---------------

Current thread (0x000002dd4704ef50):  JavaThread "Thread-0"         [_thread_in_native, id=64924, stack(0x000000e97a700000,0x000000e97a800000) (1024K)]

Stack: [0x000000e97a700000,0x000000e97a800000],  sp=0x000000e97a7febf0,  free space=1018k
Native frames: (J=compiled Java code, j=interpreted, Vv=VM code, C=native code)
C  [rxtxSerial.dll+0x5156]  (no source info available)
C  0x000002dd6afecfc7  (no source info available)

The last pc belongs to native method entry point (kind = native) (printed below).
Java frames: (J=compiled Java code, j=interpreted, Vv=VM code)
j  gnu.io.RXTXPort.readByte()I+0
j  gnu.io.RXTXPort$SerialInputStream.read()I+81
j  sac.CarvInsight.util.ConexionArduino.serialEvent(Lgnu/io/SerialPortEvent;)V+12
j  gnu.io.RXTXPort.sendEvent(IZ)Z+382
v  ~StubRoutines::call_stub 0x000002dd6afe100d
j  gnu.io.RXTXPort.eventLoop()V+0
j  gnu.io.RXTXPort$MonitorThread.run()V+12
v  ~StubRoutines::call_stub 0x000002dd6afe100d

siginfo: EXCEPTION_ACCESS_VIOLATION (0xc0000005), reading address 0x000000007a7ff3f8


Registers:
RAX=0x000000007a7ff3f0, RBX=0x0000000000000001, RCX=0x000000018001d4d5, RDX=0xfffffffffffff665
RSP=0x000000e97a7febf0, RBP=0x000002dd4704f310, RSI=0x0000000000000000, RDI=0x0000000000000000
R8 =0x0000000000000002, R9 =0xfffffffffffff63c, R10=0x00007ffcda2312d0, R11=0x8101010101010100
R12=0x000000007a7ff3f0, R13=0x000002dd418131f0, R14=0x000000e97a7fed48, R15=0x00000000ffffffff
RIP=0x0000000180005156, EFLAGS=0x0000000000010202


Register to memory mapping:

RAX=0x000000007a7ff3f0 is an unknown value
RBX=0x0000000000000001 is an unknown value
RCX=0x000000018001d4d5 rxtxSerial.dll
RDX=0xfffffffffffff665 is an unknown value
RSP=0x000000e97a7febf0 is pointing into the stack for thread: 0x000002dd4704ef50
RBP=0x000002dd4704f310 points into unknown readable memory: 0x00007ffcda19dac0 | c0 da 19 da fc 7f 00 00
RSI=0x0 is null
RDI=0x0 is null
R8 =0x0000000000000002 is an unknown value
R9 =0xfffffffffffff63c is an unknown value
R10=0x00007ffcda2312d0 jvm.dll
R11=0x8101010101010100 is an unknown value
R12=0x000000007a7ff3f0 is an unknown value
R13=0x000002dd418131f0 is pointing into metadata
R14=0x000000e97a7fed48 is pointing into the stack for thread: 0x000002dd4704ef50
R15=0x00000000ffffffff is an unknown value

Top of Stack: (sp=0x000000e97a7febf0)
0x000000e97a7febf0:   000000e97a7fed48 000002dd4704f310
0x000000e97a7fec00:   0000000000000000 0000000000000000
0x000000e97a7fec10:   0000000000000000 0000000000000001
0x000000e97a7fec20:   0000000000000128 000002dd4704ef50
0x000000e97a7fec30:   000000e97a7fed28 00007ffcd999cb35
0x000000e97a7fec40:   000000e97a7fec60 000002dd4704ef50
0x000000e97a7fec50:   0000000000000014 000002dd4704ef50
0x000000e97a7fec60:   0000d4ab9128f926 000002dd4704ef50
0x000000e97a7fec70:   000002dd4704ef50 000000e97a7fed48
0x000000e97a7fec80:   000002dd418131f0 0000000000000000
0x000000e97a7fec90:   0000000000000128 0000000000000000
0x000000e97a7feca0:   000000e97a7fed28 000002dd6afecfc7
0x000000e97a7fecb0:   000002dd418131f8 0000000000000000
0x000000e97a7fecc0:   000002dd418131f8 000002dd6afebd97
0x000000e97a7fecd0:   000002dd41816a48 000002dd6afecc5b
0x000000e97a7fece0:   fffffffffffffff7 000002dd418131f0
0x000000e97a7fecf0:   0000000000000004 000002dd4181e2c0
0x000000e97a7fed00:   0000000000000000 0000000713d6fb48
0x000000e97a7fed10:   000002dd418131f8 0000000000000000
0x000000e97a7fed20:   000000e97a7fed48 000000e97a7fedb8
0x000000e97a7fed30:   000002dd6afe8a08 0000000000000000
0x000000e97a7fed40:   000002dd6afea515 0000000713b706e0
0x000000e97a7fed50:   0000000000000001 0000000000000000
0x000000e97a7fed60:   0000000000000001 0000000713b70a10
0x000000e97a7fed70:   fffffffffffffff3 000002dd4181cee1
0x000000e97a7fed80:   0000000000000009 000002dd4181fc50
0x000000e97a7fed90:   0000000000000000 0000000713b6cbd8
0x000000e97a7feda0:   000002dd4181cf98 fffffffffffffff2
0x000000e97a7fedb0:   000000e97a7fee00 000000e97a7fee50
0x000000e97a7fedc0:   000002dd6afe8a08 0000000000000000
0x000000e97a7fedd0:   0000000000000000 0000000000000000
0x000000e97a7fede0:   0000000000000000 0000000000000000 

Instructions: (pc=0x0000000180005156)
0x0000000180005056:   48 8b 03 48 8b cb ff 90 80 00 00 00 4c 8b 1b 48
0x0000000180005066:   8b cb 41 ff 93 88 00 00 00 eb 3d 4c 8d 0d f0 7a
0x0000000180005076:   01 00 48 8d 15 81 84 01 00 48 8d 4c 24 60 4c 8b
0x0000000180005086:   c6 e8 b0 51 00 00 4c 8b 1b 4c 8d 44 24 60 48 8b
0x0000000180005096:   d7 48 8b cb 41 ff 53 70 4c 8b 1b 48 8b d7 48 8b
0x00000001800050a6:   cb 41 ff 93 b8 00 00 00 48 8b 8c 24 a0 00 00 00
0x00000001800050b6:   48 33 cc e8 d2 4f 00 00 48 81 c4 b8 00 00 00 5f
0x00000001800050c6:   5e 5d 5b c3 cc cc cc cc cc cc 48 89 5c 24 18 55
0x00000001800050d6:   56 57 41 54 41 55 41 56 41 57 48 81 ec 80 00 00
0x00000001800050e6:   00 48 8b 05 0a 90 01 00 48 33 c4 48 89 44 24 70
0x00000001800050f6:   4c 8d 0d 97 7a 01 00 4c 8d 05 94 7a 01 00 48 8b
0x0000000180005106:   da 48 8b e9 e8 01 e7 ff ff 4c 8d 0d 86 7a 01 00
0x0000000180005116:   4c 8d 05 83 7a 01 00 48 8b d3 48 8b cd 89 44 24
0x0000000180005126:   28 e8 e4 e6 ff ff 33 ff 4c 8d 0d b7 79 01 00 4c
0x0000000180005136:   8d 05 d4 79 01 00 48 8b d3 48 8b cd 44 8b f8 89
0x0000000180005146:   7c 24 24 8b f7 e8 c0 e6 ff ff 8d 5f 01 4c 63 e0
0x0000000180005156:   45 8b 74 24 08 41 89 7c 24 08 45 85 ff 78 0b ff
0x0000000180005166:   15 95 1e 01 00 89 44 24 24 90 8b ce ff c6 83 f9
0x0000000180005176:   14 7d 47 45 85 ff 78 0f ff 15 7c 1e 01 00 2b 44
0x0000000180005186:   24 24 41 3b c7 7d 33 8b 4c 24 28 48 63 c7 44 8b
0x0000000180005196:   c3 48 8d 54 04 20 e8 5f 25 00 00 85 c0 0f 88 93
0x00000001800051a6:   00 00 00 74 06 03 f8 2b d8 eb 0a b9 e8 03 00 00
0x00000001800051b6:   e8 55 0f 00 00 83 ff 01 7c b0 45 89 74 24 08 85
0x00000001800051c6:   ff 0f 89 cc 00 00 00 e8 aa 55 00 00 8b 08 e8 bf
0x00000001800051d6:   54 00 00 4c 8b 45 00 48 8d 15 d4 79 01 00 48 8b
0x00000001800051e6:   cd 48 8b f8 41 ff 50 30 48 8b d8 48 85 c0 75 5f
0x00000001800051f6:   48 8b 45 00 48 8b cd ff 90 80 00 00 00 4c 8b 5d
0x0000000180005206:   00 48 8b cd 41 ff 93 88 00 00 00 83 c8 ff 48 8b
0x0000000180005216:   4c 24 70 48 33 cc e8 6f 4e 00 00 48 8b 9c 24 d0
0x0000000180005226:   00 00 00 48 81 c4 80 00 00 00 41 5f 41 5e 41 5d
0x0000000180005236:   41 5c 5f 5e 5d c3 e8 3b 55 00 00 83 38 04 74 05
0x0000000180005246:   e8 31 55 00 00 45 89 74 24 08 e9 78 ff ff ff 4c 


Stack slot to memory mapping:

stack at sp + 0 slots: 0x000000e97a7fed48 is pointing into the stack for thread: 0x000002dd4704ef50
stack at sp + 1 slots: 0x000002dd4704f310 points into unknown readable memory: 0x00007ffcda19dac0 | c0 da 19 da fc 7f 00 00
stack at sp + 2 slots: 0x0 is null
stack at sp + 3 slots: 0x0 is null
stack at sp + 4 slots: 0x0 is null
stack at sp + 5 slots: 0x0000000000000001 is an unknown value
stack at sp + 6 slots: 0x0000000000000128 is an unknown value
stack at sp + 7 slots: 0x000002dd4704ef50 is a thread

native method entry point (kind = native)  [0x000002dd6afecba0, 0x000002dd6afed6c0]  2848 bytes
[MachCode]
  0x000002dd6afecba0: 488b 4b08 | 0fb7 492e | 584c 8d74 | ccf8 6800 | 0000 0068 | 0000 0000 | 5055 488b | ec41 5568 
  0x000002dd6afecbc0: 0000 0000 | 4c8b 6b08 | 4d8d 6d38 | 5348 8b53 | 0848 8b52 | 0848 8b52 | 1848 8b52 | 7048 8b12 
  0x000002dd6afecbe0: 5248 8b53 | 1048 85d2 | 0f84 0700 | 0000 4881 | c210 0100 | 0052 488b | 5308 488b | 5208 488b 
  0x000002dd6afecc00: 5210 5249 | 8bc6 482b | c548 c1e8 | 0350 6800 | 0000 0068 | f7ff ffff | 41c6 8781 | 0400 0001 
  0x000002dd6afecc20: 488b 4310 | 4885 c074 | 208b 88cc | 0000 0083 | c102 8988 | cc00 0000 | 2388 e000 | 0000 0f84 
  0x000002dd6afecc40: cb09 0000 | e9cf 0000 | 0048 8b43 | 1848 85c0 | 0f85 b000 | 0000 e805 | 0000 00e9 | 9900 0000 
  0x000002dd6afecc60: 488b d348 | 8d44 2408 | 4c89 6dc0 | 498b cfc5 | f877 4989 | afb0 0300 | 0049 8987 | a003 0000 
  0x000002dd6afecc80: 4883 ec20 | 40f6 c40f | 0f84 1900 | 0000 4883 | ec08 48b8 | a0a3 99d9 | fc7f 0000 | ffd0 4883 
  0x000002dd6afecca0: c408 e90c | 0000 0048 | b8a0 a399 | d9fc 7f00 | 00ff d048 | 83c4 2049 | c787 a003 | 0000 0000 
  0x000002dd6afeccc0: 0000 49c7 | 87b0 0300 | 0000 0000 | 0049 c787 | a803 0000 | 0000 0000 | c5f8 7749 | 837f 0800 
  0x000002dd6afecce0: 0f84 0500 | 0000 e915 | 42ff ff4c | 8b6d c04c | 8b75 c84e | 8d74 f500 | c348 8b43 | 1848 85c0 
  0x000002dd6afecd00: 0f84 1200 | 0000 8b48 | 0883 c102 | 8948 0823 | 481c 0f84 | f708 0000 | 493b a7f0 | 0400 000f 
  0x000002dd6afecd20: 8748 0000 | 0089 8424 | 00f0 ffff | 8984 2400 | e0ff ff89 | 8424 00d0 | ffff 8984 | 2400 c0ff 
  0x000002dd6afecd40: ff89 8424 | 00b0 ffff | 8984 2400 | a0ff ff89 | 8424 0090 | ffff 8984 | 2400 80ff | ff49 3ba7 
  0x000002dd6afecd60: e804 0000 | 7607 4989 | a7f0 0400 | 0041 c687 | 8104 0000 | 0049 ba9c | 3020 dafc | 7f00 0041 
  0x000002dd6afecd80: 803a 000f | 843e 0000 | 0048 8b55 | e849 8bcf | 4883 ec20 | 40f6 c40f | 0f84 1900 | 0000 4883 
  0x000002dd6afecda0: ec08 48b8 | 40b5 d0d9 | fc7f 0000 | ffd0 4883 | c408 e90c | 0000 0048 | b840 b5d0 | d9fc 7f00 
  0x000002dd6afecdc0: 00ff d048 | 83c4 2048 | 8b5d e84c | 8b5b 0845 | 0fb7 5b2e | 41c1 e303 | 492b e348 | 83ec 2048 
  0x000002dd6afecde0: 83e4 f04c | 8b5b 604d | 85db 0f85 | ab00 0000 | e805 0000 | 00e9 9900 | 0000 488b | d348 8d44 
  0x000002dd6afece00: 2408 4c89 | 6dc0 498b | cfc5 f877 | 4989 afb0 | 0300 0049 | 8987 a003 | 0000 4883 | ec20 40f6 
  0x000002dd6afece20: c40f 0f84 | 1900 0000 | 4883 ec08 | 48b8 c0ca | 99d9 fc7f | 0000 ffd0 | 4883 c408 | e90c 0000 
  0x000002dd6afece40: 0048 b8c0 | ca99 d9fc | 7f00 00ff | d048 83c4 | 2049 c787 | a003 0000 | 0000 0000 | 49c7 87b0 
  0x000002dd6afece60: 0300 0000 | 0000 0049 | c787 a803 | 0000 0000 | 0000 c5f8 | 7749 837f | 0800 0f84 | 0500 0000 
  0x000002dd6afece80: e97b 40ff | ff4c 8b6d | c04c 8b75 | c84e 8d74 | f500 c348 | 8b5d e84c | 8b5b 6041 | ffd3 488b 
  0x000002dd6afecea0: 5de8 4889 | 4518 448b | 5b28 41f6 | c308 0f84 | 1b00 0000 | 4c8b 5b08 | 4d8b 5b08 | 4d8b 5b18 
  0x000002dd6afecec0: 4d8b 5b70 | 4d8b 1b4c | 895d 1048 | 8d55 1048 | 8b43 5849 | ba40 0cd1 | d9fc 7f00 | 0049 3bc2 
  0x000002dd6afecee0: 0f85 ab00 | 0000 e805 | 0000 00e9 | 9900 0000 | 488b d348 | 8d44 2408 | 4c89 6dc0 | 498b cfc5 
  0x000002dd6afecf00: f877 4989 | afb0 0300 | 0049 8987 | a003 0000 | 4883 ec20 | 40f6 c40f | 0f84 1900 | 0000 4883 
  0x000002dd6afecf20: ec08 48b8 | c0ca 99d9 | fc7f 0000 | ffd0 4883 | c408 e90c | 0000 0048 | b8c0 ca99 | d9fc 7f00 
  0x000002dd6afecf40: 00ff d048 | 83c4 2049 | c787 a003 | 0000 0000 | 0000 49c7 | 87b0 0300 | 0000 0000 | 0049 c787 
  0x000002dd6afecf60: a803 0000 | 0000 0000 | c5f8 7749 | 837f 0800 | 0f84 0500 | 0000 e985 | 3fff ff4c | 8b6d c04c 
  0x000002dd6afecf80: 8b75 c84e | 8d74 f500 | c348 8b5d | e848 8b43 | 5849 8d8f | c003 0000 | c5f8 7749 | 89af b003 
  0x000002dd6afecfa0: 0000 49ba | 98cf fe6a | dd02 0000 | 4d89 97a8 | 0300 0049 | 89a7 a003 | 0000 41c7 | 8754 0400 
  0x000002dd6afecfc0: 0004 0000 | 00ff d0c5 | f877 4883 | ec10 c5fb | 1104 2448 | 83ec 1048 | 8904 2448 | c744 2408 
  0x000002dd6afecfe0: 0000 0000 | 41c7 8754 | 0400 0005 | 0000 00f0 | 8344 24c0 | 0049 3baf | 5804 0000 | 0f87 0e00 
  0x000002dd6afed000: 0000 4183 | bf50 0400 | 0000 0f84 | 2000 0000 | 498b cf4c | 8be4 4883 | ec20 4883 | e4f0 48b8 
  0x000002dd6afed020: d01e 9bd9 | fc7f 0000 | ffd0 498b | e44d 33e4 | 41c7 8754 | 0400 0008 | 0000 0049 | c787 a003 
  0x000002dd6afed040: 0000 0000 | 0000 49c7 | 87b0 0300 | 0000 0000 | 0049 c787 | a803 0000 | 0000 0000 | c5f8 774d 
  0x000002dd6afed060: 8b9f 3004 | 0000 41c7 | 8300 0100 | 0000 0000 | 0049 bb1a | a5fe 6add | 0200 004c | 3b5d 180f 
  0x000002dd6afed080: 8524 0200 | 0048 8b04 | 2448 83c4 | 1048 85c0 | 0f84 fe01 | 0000 a803 | 0f85 0800 | 0000 488b 
  0x000002dd6afed0a0: 00e9 ee01 | 0000 a801 | 0f85 0900 | 0000 488b | 40fe e9dd | 0100 0048 | 8b40 ff41 | 807f 3800 
  0x000002dd6afed0c0: 0f84 ce01 | 0000 4883 | f800 0f84 | c401 0000 | 4d8b 5f28 | 4983 fb00 | 0f84 1400 | 0000 4983 
  0x000002dd6afed0e0: eb08 4d89 | 5f28 4d03 | 5f30 4989 | 03e9 a201 | 0000 4881 | ecd0 0000 | 0048 8904 | 2448 894c 
  0x000002dd6afed100: 2408 4889 | 5424 1048 | 8974 2418 | 4889 7c24 | 204c 8944 | 2428 4c89 | 4c24 304c | 8954 2438 
  0x000002dd6afed120: 4c89 5c24 | 40c5 fb11 | 4424 50c5 | fb11 4c24 | 58c5 fb11 | 5424 60c5 | fb11 5c24 | 68c5 fb11 
  0x000002dd6afed140: 6424 70c5 | fb11 6c24 | 78c5 fb11 | b424 8000 | 0000 c5fb | 11bc 2488 | 0000 00c5 | 7b11 8424 
  0x000002dd6afed160: 9000 0000 | c57b 118c | 2498 0000 | 00c5 7b11 | 9424 a000 | 0000 c57b | 119c 24a8 | 0000 00c5 
  0x000002dd6afed180: 7b11 a424 | b000 0000 | c57b 11ac | 24b8 0000 | 00c5 7b11 | b424 c000 | 0000 c57b | 11bc 24c8 
  0x000002dd6afed1a0: 0000 0049 | 8bd7 488b | c848 83ec | 2040 f6c4 | 0f0f 8419 | 0000 0048 | 83ec 0848 | b8e0 3e8e 
  0x000002dd6afed1c0: d9fc 7f00 | 00ff d048 | 83c4 08e9 | 0c00 0000 | 48b8 e03e | 8ed9 fc7f | 0000 ffd0 | 4883 c420 
  0x000002dd6afed1e0: c57b 10bc | 24c8 0000 | 00c5 7b10 | b424 c000 | 0000 c57b | 10ac 24b8 | 0000 00c5 | 7b10 a424 
  0x000002dd6afed200: b000 0000 | c57b 109c | 24a8 0000 | 00c5 7b10 | 9424 a000 | 0000 c57b | 108c 2498 | 0000 00c5 
  0x000002dd6afed220: 7b10 8424 | 9000 0000 | c5fb 10bc | 2488 0000 | 00c5 fb10 | b424 8000 | 0000 c5fb | 106c 2478 
  0x000002dd6afed240: c5fb 1064 | 2470 c5fb | 105c 2468 | c5fb 1054 | 2460 c5fb | 104c 2458 | c5fb 1044 | 2450 4c8b 
  0x000002dd6afed260: 5c24 404c | 8b54 2438 | 4c8b 4c24 | 304c 8b44 | 2428 488b | 7c24 2048 | 8b74 2418 | 488b 5424 
  0x000002dd6afed280: 1048 8b4c | 2408 488b | 0424 4881 | c4d0 0000 | 00c5 f877 | 4889 4510 | 4883 ec10 | 4889 0424 
  0x000002dd6afed2a0: 48c7 4424 | 0800 0000 | 0041 83bf | d004 0000 | 020f 85bf | 0000 0048 | 81ec 8000 | 0000 4889 
  0x000002dd6afed2c0: 4424 7848 | 894c 2470 | 4889 5424 | 6848 895c | 2460 4889 | 6c24 5048 | 8974 2448 | 4889 7c24 
  0x000002dd6afed2e0: 404c 8944 | 2438 4c89 | 4c24 304c | 8954 2428 | 4c89 5c24 | 204c 8964 | 2418 4c89 | 6c24 104c 
  0x000002dd6afed300: 8974 2408 | 4c89 3c24 | 4c8b e448 | 83ec 2048 | 83e4 f048 | b890 edd0 | d9fc 7f00 | 00ff d049 
  0x000002dd6afed320: 8be4 4c8b | 3c24 4c8b | 7424 084c | 8b6c 2410 | 4c8b 6424 | 184c 8b5c | 2420 4c8b | 5424 284c 
  0x000002dd6afed340: 8b4c 2430 | 4c8b 4424 | 3848 8b7c | 2440 488b | 7424 4848 | 8b6c 2450 | 488b 5c24 | 6048 8b54 
  0x000002dd6afed360: 2468 488b | 4c24 7048 | 8b44 2478 | 4881 c480 | 0000 004d | 33e4 488b | 5de8 4c8b | 6b08 4d8d 
  0x000002dd6afed380: 6d38 4983 | 7f08 000f | 84bb 0000 | 00e8 0500 | 0000 e996 | 0000 0048 | 8d44 2408 | 4c89 6dc0 
  0x000002dd6afed3a0: 498b cfc5 | f877 4989 | afb0 0300 | 0049 8987 | a003 0000 | 4883 ec20 | 40f6 c40f | 0f84 1900 
  0x000002dd6afed3c0: 0000 4883 | ec08 48b8 | 00e9 99d9 | fc7f 0000 | ffd0 4883 | c408 e90c | 0000 0048 | b800 e999 
  0x000002dd6afed3e0: d9fc 7f00 | 00ff d048 | 83c4 2049 | c787 a003 | 0000 0000 | 0000 49c7 | 87b0 0300 | 0000 0000 
  0x000002dd6afed400: 0049 c787 | a803 0000 | 0000 0000 | c5f8 7749 | 837f 0800 | 0f84 0500 | 0000 e9e1 | 3aff ff4c 
  0x000002dd6afed420: 8b6d c04c | 8b75 c84e | 8d74 f500 | c348 b9c0 | 18f8 d9fc | 7f00 0048 | 83e4 f048 | b8c0 94bf 
  0x000002dd6afed440: d9fc 7f00 | 00ff d0f4 | 448b 5b28 | 41f6 c320 | 0f84 4401 | 0000 488d | 55a8 4c8b | 5a08 4d85 
  0x000002dd6afed460: db0f 85bb | 0000 00e8 | 0500 0000 | e996 0000 | 0048 8d44 | 2408 4c89 | 6dc0 498b | cfc5 f877 
  0x000002dd6afed480: 4989 afb0 | 0300 0049 | 8987 a003 | 0000 4883 | ec20 40f6 | c40f 0f84 | 1900 0000 | 4883 ec08 
  0x000002dd6afed4a0: 48b8 30e8 | 99d9 fc7f | 0000 ffd0 | 4883 c408 | e90c 0000 | 0048 b830 | e899 d9fc | 7f00 00ff 
  0x000002dd6afed4c0: d048 83c4 | 2049 c787 | a003 0000 | 0000 0000 | 49c7 87b0 | 0300 0000 | 0000 0049 | c787 a803 
  0x000002dd6afed4e0: 0000 0000 | 0000 c5f8 | 7749 837f | 0800 0f84 | 0500 0000 | e907 3aff | ff4c 8b6d | c04c 8b75 
  0x000002dd6afed500: c84e 8d74 | f500 c348 | b9c0 18f8 | d9fc 7f00 | 0048 83e4 | f048 b8c0 | 94bf d9fc | 7f00 00ff 
  0x000002dd6afed520: d0f4 4c89 | 6dc0 488d | 024c 8b4a | 0848 c742 | 0800 0000 | 004c 8b00 | 4d85 c00f | 840b 0000 
  0x000002dd6afed540: 00f0 4d0f | b101 0f85 | 0c00 0000 | 49ff 8f58 | 0500 00e9 | 3e00 0000 | 4c89 4a08 | 488b ca48 
  0x000002dd6afed560: 83ec 2040 | f6c4 0f0f | 8419 0000 | 0048 83ec | 0848 b8c0 | ba99 d9fc | 7f00 00ff | d048 83c4 
  0x000002dd6afed580: 08e9 0c00 | 0000 48b8 | c0ba 99d9 | fc7f 0000 | ffd0 4883 | c420 4c8b | 6dc0 49ba | 9c30 20da 
  0x000002dd6afed5a0: fc7f 0000 | 4180 3a00 | 0f84 3e00 | 0000 488b | 55e8 498b | cf48 83ec | 2040 f6c4 | 0f0f 8419 
  0x000002dd6afed5c0: 0000 0048 | 83ec 0848 | b840 b5d0 | d9fc 7f00 | 00ff d048 | 83c4 08e9 | 0c00 0000 | 48b8 40b5 
  0x000002dd6afed5e0: d0d9 fc7f | 0000 ffd0 | 4883 c420 | 488b 0424 | 4883 c410 | c5fb 1004 | 2448 83c4 | 104c 8b5d 
  0x000002dd6afed600: 1841 ffd3 | 4c8b 5df8 | c95f 498b | e3ff e7ba | 0000 0000 | e805 0000 | 00e9 9600 | 0000 488d 
  0x000002dd6afed620: 4424 084c | 896d c049 | 8bcf c5f8 | 7749 89af | b003 0000 | 4989 87a0 | 0300 0048 | 83ec 2040 
  0x000002dd6afed640: f6c4 0f0f | 8419 0000 | 0048 83ec | 0848 b880 | ae99 d9fc | 7f00 00ff | d048 83c4 | 08e9 0c00 
  0x000002dd6afed660: 0000 48b8 | 80ae 99d9 | fc7f 0000 | ffd0 4883 | c420 49c7 | 87a0 0300 | 0000 0000 | 0049 c787 
  0x000002dd6afed680: b003 0000 | 0000 0000 | 49c7 87a8 | 0300 0000 | 0000 00c5 | f877 4983 | 7f08 000f | 8405 0000 
  0x000002dd6afed6a0: 00e9 5a38 | ffff 4c8b | 6dc0 4c8b | 75c8 4e8d | 74f5 00c3 | 488b 5de8 | e95b f6ff | ff66 6690 
[/MachCode]

---------------  P R O C E S S  ---------------

Threads class SMR info:
_java_thread_list=0x000002dd47ca9380, length=16, elements={
0x000002dd7b329180, 0x000002dd7b32a0a0, 0x000002dd7b32fe80, 0x000002dd7b330ae0,
0x000002dd7b333650, 0x000002dd7b3340b0, 0x000002dd7b33b3e0, 0x000002dd7b33bfd0,
0x000002dd452c1e00, 0x000002dd452cd8e0, 0x000002dd45491f00, 0x000002dd454939b0,
0x000002dd45496030, 0x000002dd454e9560, 0x000002dd596ca4c0, 0x000002dd4704ef50
}

Java Threads: ( => current thread )
  0x000002dd7b329180 JavaThread "Reference Handler"          daemon [_thread_blocked, id=66388, stack(0x000000e979400000,0x000000e979500000) (1024K)]
  0x000002dd7b32a0a0 JavaThread "Finalizer"                  daemon [_thread_blocked, id=57404, stack(0x000000e979500000,0x000000e979600000) (1024K)]
  0x000002dd7b32fe80 JavaThread "Signal Dispatcher"          daemon [_thread_blocked, id=61988, stack(0x000000e979600000,0x000000e979700000) (1024K)]
  0x000002dd7b330ae0 JavaThread "Attach Listener"            daemon [_thread_blocked, id=57080, stack(0x000000e979700000,0x000000e979800000) (1024K)]
  0x000002dd7b333650 JavaThread "Service Thread"             daemon [_thread_blocked, id=60452, stack(0x000000e979800000,0x000000e979900000) (1024K)]
  0x000002dd7b3340b0 JavaThread "Monitor Deflation Thread"   daemon [_thread_blocked, id=64936, stack(0x000000e979900000,0x000000e979a00000) (1024K)]
  0x000002dd7b33b3e0 JavaThread "C2 CompilerThread0"         daemon [_thread_blocked, id=65604, stack(0x000000e979a00000,0x000000e979b00000) (1024K)]
  0x000002dd7b33bfd0 JavaThread "C1 CompilerThread0"         daemon [_thread_blocked, id=65600, stack(0x000000e979b00000,0x000000e979c00000) (1024K)]
  0x000002dd452c1e00 JavaThread "Notification Thread"        daemon [_thread_blocked, id=12448, stack(0x000000e979d00000,0x000000e979e00000) (1024K)]
  0x000002dd452cd8e0 JavaThread "Common-Cleaner"             daemon [_thread_blocked, id=64864, stack(0x000000e979e00000,0x000000e979f00000) (1024K)]
  0x000002dd45491f00 JavaThread "Java2D Disposer"            daemon [_thread_blocked, id=49252, stack(0x000000e97a000000,0x000000e97a100000) (1024K)]
  0x000002dd454939b0 JavaThread "AWT-Shutdown"                      [_thread_blocked, id=66488, stack(0x000000e97a100000,0x000000e97a200000) (1024K)]
  0x000002dd45496030 JavaThread "AWT-Windows"                daemon [_thread_in_native, id=22396, stack(0x000000e97a200000,0x000000e97a300000) (1024K)]
  0x000002dd454e9560 JavaThread "AWT-EventQueue-0"                  [_thread_blocked, id=31980, stack(0x000000e97a300000,0x000000e97a400000) (1024K)]
  0x000002dd596ca4c0 JavaThread "DestroyJavaVM"                     [_thread_blocked, id=55668, stack(0x000000e978c00000,0x000000e978d00000) (1024K)]
=>0x000002dd4704ef50 JavaThread "Thread-0"                          [_thread_in_native, id=64924, stack(0x000000e97a700000,0x000000e97a800000) (1024K)]
Total: 16

Other Threads:
  0x000002dd7b30f250 VMThread "VM Thread"                           [id=61164, stack(0x000000e979300000,0x000000e979400000) (1024K)]
  0x000002dd7b2f65f0 WatcherThread "VM Periodic Task Thread"        [id=60616, stack(0x000000e979200000,0x000000e979300000) (1024K)]
  0x000002dd5b8b0e80 WorkerThread "GC Thread#0"                     [id=64644, stack(0x000000e978d00000,0x000000e978e00000) (1024K)]
  0x000002dd5b8c1a40 ConcurrentGCThread "G1 Main Marker"            [id=64780, stack(0x000000e978e00000,0x000000e978f00000) (1024K)]
  0x000002dd5b8c2710 WorkerThread "G1 Conc#0"                       [id=65308, stack(0x000000e978f00000,0x000000e979000000) (1024K)]
  0x000002dd7b1c7e50 ConcurrentGCThread "G1 Refine#0"               [id=59652, stack(0x000000e979000000,0x000000e979100000) (1024K)]
  0x000002dd7b1c88e0 ConcurrentGCThread "G1 Service"                [id=64000, stack(0x000000e979100000,0x000000e979200000) (1024K)]
Total: 7

Threads with active compile tasks:
Total: 0

VM state: not at safepoint (normal execution)

VM Mutex/Monitor currently owned by a thread: None

Heap address: 0x0000000704a00000, size: 4022 MB, Compressed Oops mode: Zero based, Oop shift amount: 3

CDS archive(s) mapped at: [0x000002dd00000000-0x000002dd00c60000-0x000002dd00c60000), size 12976128, SharedBaseAddress: 0x000002dd00000000, ArchiveRelocationMode: 1.
Compressed class space mapped at: 0x000002dd01000000-0x000002dd41000000, reserved size: 1073741824
Narrow klass base: 0x000002dd00000000, Narrow klass shift: 0, Narrow klass range: 0x41000000

GC Precious Log:
 CardTable entry size: 512
 Card Set container configuration: InlinePtr #cards 4 size 8 Array Of Cards #cards 16 size 48 Howl #buckets 8 coarsen threshold 3686 Howl Bitmap #cards 512 size 80 coarsen threshold 460 Card regions per heap region 1 cards per card region 4096
 CPUs: 16 total, 16 available
 Memory: 16087M
 Large Page Support: Disabled
 NUMA Support: Disabled
 Compressed Oops: Enabled (Zero based)
 Heap Region Size: 2M
 Heap Min Capacity: 8M
 Heap Initial Capacity: 252M
 Heap Max Capacity: 4022M
 Pre-touch: Disabled
 Parallel Workers: 13
 Concurrent Workers: 3
 Concurrent Refinement Workers: 13
 Periodic GC: Disabled

Heap:
 garbage-first heap   total reserved 4118528K, committed 258048K, used 20480K [0x0000000704a00000, 0x0000000800000000)
  region size 2048K, 8 young (16384K), 0 survivors (0K)
 Metaspace       used 10965K, committed 11200K, reserved 1114112K
  class space    used 1263K, committed 1344K, reserved 1048576K

Heap Regions: E=young(eden), S=young(survivor), O=old, HS=humongous(starts), HC=humongous(continues), CS=collection set, F=free, TAMS=top-at-mark-start, PB=parsable bottom
|   0|0x0000000704a00000, 0x0000000704c00000, 0x0000000704c00000|100%|HS|  |TAMS 0x0000000704a00000| PB 0x0000000704a00000| Complete |  0
|   1|0x0000000704c00000, 0x0000000704e00000, 0x0000000704e00000|100%|HC|  |TAMS 0x0000000704c00000| PB 0x0000000704c00000| Complete |  0
|   2|0x0000000704e00000, 0x0000000705000000, 0x0000000705000000|100%|HC|  |TAMS 0x0000000704e00000| PB 0x0000000704e00000| Complete |  0
|   3|0x0000000705000000, 0x0000000705200000, 0x0000000705200000|100%|HC|  |TAMS 0x0000000705000000| PB 0x0000000705000000| Complete |  0
|   4|0x0000000705200000, 0x0000000705200000, 0x0000000705400000|  0%| F|  |TAMS 0x0000000705200000| PB 0x0000000705200000| Untracked |  0
|   5|0x0000000705400000, 0x0000000705400000, 0x0000000705600000|  0%| F|  |TAMS 0x0000000705400000| PB 0x0000000705400000| Untracked |  0
|   6|0x0000000705600000, 0x0000000705600000, 0x0000000705800000|  0%| F|  |TAMS 0x0000000705600000| PB 0x0000000705600000| Untracked |  0
|   7|0x0000000705800000, 0x0000000705800000, 0x0000000705a00000|  0%| F|  |TAMS 0x0000000705800000| PB 0x0000000705800000| Untracked |  0
|   8|0x0000000705a00000, 0x0000000705a00000, 0x0000000705c00000|  0%| F|  |TAMS 0x0000000705a00000| PB 0x0000000705a00000| Untracked |  0
|   9|0x0000000705c00000, 0x0000000705c00000, 0x0000000705e00000|  0%| F|  |TAMS 0x0000000705c00000| PB 0x0000000705c00000| Untracked |  0
|  10|0x0000000705e00000, 0x0000000705e00000, 0x0000000706000000|  0%| F|  |TAMS 0x0000000705e00000| PB 0x0000000705e00000| Untracked |  0
|  11|0x0000000706000000, 0x0000000706000000, 0x0000000706200000|  0%| F|  |TAMS 0x0000000706000000| PB 0x0000000706000000| Untracked |  0
|  12|0x0000000706200000, 0x0000000706200000, 0x0000000706400000|  0%| F|  |TAMS 0x0000000706200000| PB 0x0000000706200000| Untracked |  0
|  13|0x0000000706400000, 0x0000000706400000, 0x0000000706600000|  0%| F|  |TAMS 0x0000000706400000| PB 0x0000000706400000| Untracked |  0
|  14|0x0000000706600000, 0x0000000706600000, 0x0000000706800000|  0%| F|  |TAMS 0x0000000706600000| PB 0x0000000706600000| Untracked |  0
|  15|0x0000000706800000, 0x0000000706800000, 0x0000000706a00000|  0%| F|  |TAMS 0x0000000706800000| PB 0x0000000706800000| Untracked |  0
|  16|0x0000000706a00000, 0x0000000706a00000, 0x0000000706c00000|  0%| F|  |TAMS 0x0000000706a00000| PB 0x0000000706a00000| Untracked |  0
|  17|0x0000000706c00000, 0x0000000706c00000, 0x0000000706e00000|  0%| F|  |TAMS 0x0000000706c00000| PB 0x0000000706c00000| Untracked |  0
|  18|0x0000000706e00000, 0x0000000706e00000, 0x0000000707000000|  0%| F|  |TAMS 0x0000000706e00000| PB 0x0000000706e00000| Untracked |  0
|  19|0x0000000707000000, 0x0000000707000000, 0x0000000707200000|  0%| F|  |TAMS 0x0000000707000000| PB 0x0000000707000000| Untracked |  0
|  20|0x0000000707200000, 0x0000000707200000, 0x0000000707400000|  0%| F|  |TAMS 0x0000000707200000| PB 0x0000000707200000| Untracked |  0
|  21|0x0000000707400000, 0x0000000707400000, 0x0000000707600000|  0%| F|  |TAMS 0x0000000707400000| PB 0x0000000707400000| Untracked |  0
|  22|0x0000000707600000, 0x0000000707600000, 0x0000000707800000|  0%| F|  |TAMS 0x0000000707600000| PB 0x0000000707600000| Untracked |  0
|  23|0x0000000707800000, 0x0000000707800000, 0x0000000707a00000|  0%| F|  |TAMS 0x0000000707800000| PB 0x0000000707800000| Untracked |  0
|  24|0x0000000707a00000, 0x0000000707a00000, 0x0000000707c00000|  0%| F|  |TAMS 0x0000000707a00000| PB 0x0000000707a00000| Untracked |  0
|  25|0x0000000707c00000, 0x0000000707c00000, 0x0000000707e00000|  0%| F|  |TAMS 0x0000000707c00000| PB 0x0000000707c00000| Untracked |  0
|  26|0x0000000707e00000, 0x0000000707e00000, 0x0000000708000000|  0%| F|  |TAMS 0x0000000707e00000| PB 0x0000000707e00000| Untracked |  0
|  27|0x0000000708000000, 0x0000000708000000, 0x0000000708200000|  0%| F|  |TAMS 0x0000000708000000| PB 0x0000000708000000| Untracked |  0
|  28|0x0000000708200000, 0x0000000708200000, 0x0000000708400000|  0%| F|  |TAMS 0x0000000708200000| PB 0x0000000708200000| Untracked |  0
|  29|0x0000000708400000, 0x0000000708400000, 0x0000000708600000|  0%| F|  |TAMS 0x0000000708400000| PB 0x0000000708400000| Untracked |  0
|  30|0x0000000708600000, 0x0000000708600000, 0x0000000708800000|  0%| F|  |TAMS 0x0000000708600000| PB 0x0000000708600000| Untracked |  0
|  31|0x0000000708800000, 0x0000000708800000, 0x0000000708a00000|  0%| F|  |TAMS 0x0000000708800000| PB 0x0000000708800000| Untracked |  0
|  32|0x0000000708a00000, 0x0000000708a00000, 0x0000000708c00000|  0%| F|  |TAMS 0x0000000708a00000| PB 0x0000000708a00000| Untracked |  0
|  33|0x0000000708c00000, 0x0000000708c00000, 0x0000000708e00000|  0%| F|  |TAMS 0x0000000708c00000| PB 0x0000000708c00000| Untracked |  0
|  34|0x0000000708e00000, 0x0000000708e00000, 0x0000000709000000|  0%| F|  |TAMS 0x0000000708e00000| PB 0x0000000708e00000| Untracked |  0
|  35|0x0000000709000000, 0x0000000709000000, 0x0000000709200000|  0%| F|  |TAMS 0x0000000709000000| PB 0x0000000709000000| Untracked |  0
|  36|0x0000000709200000, 0x0000000709200000, 0x0000000709400000|  0%| F|  |TAMS 0x0000000709200000| PB 0x0000000709200000| Untracked |  0
|  37|0x0000000709400000, 0x0000000709400000, 0x0000000709600000|  0%| F|  |TAMS 0x0000000709400000| PB 0x0000000709400000| Untracked |  0
|  38|0x0000000709600000, 0x0000000709600000, 0x0000000709800000|  0%| F|  |TAMS 0x0000000709600000| PB 0x0000000709600000| Untracked |  0
|  39|0x0000000709800000, 0x0000000709800000, 0x0000000709a00000|  0%| F|  |TAMS 0x0000000709800000| PB 0x0000000709800000| Untracked |  0
|  40|0x0000000709a00000, 0x0000000709a00000, 0x0000000709c00000|  0%| F|  |TAMS 0x0000000709a00000| PB 0x0000000709a00000| Untracked |  0
|  41|0x0000000709c00000, 0x0000000709c00000, 0x0000000709e00000|  0%| F|  |TAMS 0x0000000709c00000| PB 0x0000000709c00000| Untracked |  0
|  42|0x0000000709e00000, 0x0000000709e00000, 0x000000070a000000|  0%| F|  |TAMS 0x0000000709e00000| PB 0x0000000709e00000| Untracked |  0
|  43|0x000000070a000000, 0x000000070a000000, 0x000000070a200000|  0%| F|  |TAMS 0x000000070a000000| PB 0x000000070a000000| Untracked |  0
|  44|0x000000070a200000, 0x000000070a200000, 0x000000070a400000|  0%| F|  |TAMS 0x000000070a200000| PB 0x000000070a200000| Untracked |  0
|  45|0x000000070a400000, 0x000000070a400000, 0x000000070a600000|  0%| F|  |TAMS 0x000000070a400000| PB 0x000000070a400000| Untracked |  0
|  46|0x000000070a600000, 0x000000070a600000, 0x000000070a800000|  0%| F|  |TAMS 0x000000070a600000| PB 0x000000070a600000| Untracked |  0
|  47|0x000000070a800000, 0x000000070a800000, 0x000000070aa00000|  0%| F|  |TAMS 0x000000070a800000| PB 0x000000070a800000| Untracked |  0
|  48|0x000000070aa00000, 0x000000070aa00000, 0x000000070ac00000|  0%| F|  |TAMS 0x000000070aa00000| PB 0x000000070aa00000| Untracked |  0
|  49|0x000000070ac00000, 0x000000070ac00000, 0x000000070ae00000|  0%| F|  |TAMS 0x000000070ac00000| PB 0x000000070ac00000| Untracked |  0
|  50|0x000000070ae00000, 0x000000070ae00000, 0x000000070b000000|  0%| F|  |TAMS 0x000000070ae00000| PB 0x000000070ae00000| Untracked |  0
|  51|0x000000070b000000, 0x000000070b000000, 0x000000070b200000|  0%| F|  |TAMS 0x000000070b000000| PB 0x000000070b000000| Untracked |  0
|  52|0x000000070b200000, 0x000000070b200000, 0x000000070b400000|  0%| F|  |TAMS 0x000000070b200000| PB 0x000000070b200000| Untracked |  0
|  53|0x000000070b400000, 0x000000070b400000, 0x000000070b600000|  0%| F|  |TAMS 0x000000070b400000| PB 0x000000070b400000| Untracked |  0
|  54|0x000000070b600000, 0x000000070b600000, 0x000000070b800000|  0%| F|  |TAMS 0x000000070b600000| PB 0x000000070b600000| Untracked |  0
|  55|0x000000070b800000, 0x000000070b800000, 0x000000070ba00000|  0%| F|  |TAMS 0x000000070b800000| PB 0x000000070b800000| Untracked |  0
|  56|0x000000070ba00000, 0x000000070ba00000, 0x000000070bc00000|  0%| F|  |TAMS 0x000000070ba00000| PB 0x000000070ba00000| Untracked |  0
|  57|0x000000070bc00000, 0x000000070bc00000, 0x000000070be00000|  0%| F|  |TAMS 0x000000070bc00000| PB 0x000000070bc00000| Untracked |  0
|  58|0x000000070be00000, 0x000000070be00000, 0x000000070c000000|  0%| F|  |TAMS 0x000000070be00000| PB 0x000000070be00000| Untracked |  0
|  59|0x000000070c000000, 0x000000070c000000, 0x000000070c200000|  0%| F|  |TAMS 0x000000070c000000| PB 0x000000070c000000| Untracked |  0
|  60|0x000000070c200000, 0x000000070c200000, 0x000000070c400000|  0%| F|  |TAMS 0x000000070c200000| PB 0x000000070c200000| Untracked |  0
|  61|0x000000070c400000, 0x000000070c400000, 0x000000070c600000|  0%| F|  |TAMS 0x000000070c400000| PB 0x000000070c400000| Untracked |  0
|  62|0x000000070c600000, 0x000000070c600000, 0x000000070c800000|  0%| F|  |TAMS 0x000000070c600000| PB 0x000000070c600000| Untracked |  0
|  63|0x000000070c800000, 0x000000070c800000, 0x000000070ca00000|  0%| F|  |TAMS 0x000000070c800000| PB 0x000000070c800000| Untracked |  0
|  64|0x000000070ca00000, 0x000000070ca00000, 0x000000070cc00000|  0%| F|  |TAMS 0x000000070ca00000| PB 0x000000070ca00000| Untracked |  0
|  65|0x000000070cc00000, 0x000000070cc00000, 0x000000070ce00000|  0%| F|  |TAMS 0x000000070cc00000| PB 0x000000070cc00000| Untracked |  0
|  66|0x000000070ce00000, 0x000000070ce00000, 0x000000070d000000|  0%| F|  |TAMS 0x000000070ce00000| PB 0x000000070ce00000| Untracked |  0
|  67|0x000000070d000000, 0x000000070d000000, 0x000000070d200000|  0%| F|  |TAMS 0x000000070d000000| PB 0x000000070d000000| Untracked |  0
|  68|0x000000070d200000, 0x000000070d200000, 0x000000070d400000|  0%| F|  |TAMS 0x000000070d200000| PB 0x000000070d200000| Untracked |  0
|  69|0x000000070d400000, 0x000000070d400000, 0x000000070d600000|  0%| F|  |TAMS 0x000000070d400000| PB 0x000000070d400000| Untracked |  0
|  70|0x000000070d600000, 0x000000070d600000, 0x000000070d800000|  0%| F|  |TAMS 0x000000070d600000| PB 0x000000070d600000| Untracked |  0
|  71|0x000000070d800000, 0x000000070d800000, 0x000000070da00000|  0%| F|  |TAMS 0x000000070d800000| PB 0x000000070d800000| Untracked |  0
|  72|0x000000070da00000, 0x000000070da00000, 0x000000070dc00000|  0%| F|  |TAMS 0x000000070da00000| PB 0x000000070da00000| Untracked |  0
|  73|0x000000070dc00000, 0x000000070dc00000, 0x000000070de00000|  0%| F|  |TAMS 0x000000070dc00000| PB 0x000000070dc00000| Untracked |  0
|  74|0x000000070de00000, 0x000000070de00000, 0x000000070e000000|  0%| F|  |TAMS 0x000000070de00000| PB 0x000000070de00000| Untracked |  0
|  75|0x000000070e000000, 0x000000070e000000, 0x000000070e200000|  0%| F|  |TAMS 0x000000070e000000| PB 0x000000070e000000| Untracked |  0
|  76|0x000000070e200000, 0x000000070e200000, 0x000000070e400000|  0%| F|  |TAMS 0x000000070e200000| PB 0x000000070e200000| Untracked |  0
|  77|0x000000070e400000, 0x000000070e400000, 0x000000070e600000|  0%| F|  |TAMS 0x000000070e400000| PB 0x000000070e400000| Untracked |  0
|  78|0x000000070e600000, 0x000000070e600000, 0x000000070e800000|  0%| F|  |TAMS 0x000000070e600000| PB 0x000000070e600000| Untracked |  0
|  79|0x000000070e800000, 0x000000070e800000, 0x000000070ea00000|  0%| F|  |TAMS 0x000000070e800000| PB 0x000000070e800000| Untracked |  0
|  80|0x000000070ea00000, 0x000000070ea00000, 0x000000070ec00000|  0%| F|  |TAMS 0x000000070ea00000| PB 0x000000070ea00000| Untracked |  0
|  81|0x000000070ec00000, 0x000000070ec00000, 0x000000070ee00000|  0%| F|  |TAMS 0x000000070ec00000| PB 0x000000070ec00000| Untracked |  0
|  82|0x000000070ee00000, 0x000000070ee00000, 0x000000070f000000|  0%| F|  |TAMS 0x000000070ee00000| PB 0x000000070ee00000| Untracked |  0
|  83|0x000000070f000000, 0x000000070f000000, 0x000000070f200000|  0%| F|  |TAMS 0x000000070f000000| PB 0x000000070f000000| Untracked |  0
|  84|0x000000070f200000, 0x000000070f200000, 0x000000070f400000|  0%| F|  |TAMS 0x000000070f200000| PB 0x000000070f200000| Untracked |  0
|  85|0x000000070f400000, 0x000000070f400000, 0x000000070f600000|  0%| F|  |TAMS 0x000000070f400000| PB 0x000000070f400000| Untracked |  0
|  86|0x000000070f600000, 0x000000070f600000, 0x000000070f800000|  0%| F|  |TAMS 0x000000070f600000| PB 0x000000070f600000| Untracked |  0
|  87|0x000000070f800000, 0x000000070f800000, 0x000000070fa00000|  0%| F|  |TAMS 0x000000070f800000| PB 0x000000070f800000| Untracked |  0
|  88|0x000000070fa00000, 0x000000070fa00000, 0x000000070fc00000|  0%| F|  |TAMS 0x000000070fa00000| PB 0x000000070fa00000| Untracked |  0
|  89|0x000000070fc00000, 0x000000070fc00000, 0x000000070fe00000|  0%| F|  |TAMS 0x000000070fc00000| PB 0x000000070fc00000| Untracked |  0
|  90|0x000000070fe00000, 0x000000070fe00000, 0x0000000710000000|  0%| F|  |TAMS 0x000000070fe00000| PB 0x000000070fe00000| Untracked |  0
|  91|0x0000000710000000, 0x0000000710000000, 0x0000000710200000|  0%| F|  |TAMS 0x0000000710000000| PB 0x0000000710000000| Untracked |  0
|  92|0x0000000710200000, 0x0000000710200000, 0x0000000710400000|  0%| F|  |TAMS 0x0000000710200000| PB 0x0000000710200000| Untracked |  0
|  93|0x0000000710400000, 0x0000000710400000, 0x0000000710600000|  0%| F|  |TAMS 0x0000000710400000| PB 0x0000000710400000| Untracked |  0
|  94|0x0000000710600000, 0x0000000710600000, 0x0000000710800000|  0%| F|  |TAMS 0x0000000710600000| PB 0x0000000710600000| Untracked |  0
|  95|0x0000000710800000, 0x0000000710800000, 0x0000000710a00000|  0%| F|  |TAMS 0x0000000710800000| PB 0x0000000710800000| Untracked |  0
|  96|0x0000000710a00000, 0x0000000710a00000, 0x0000000710c00000|  0%| F|  |TAMS 0x0000000710a00000| PB 0x0000000710a00000| Untracked |  0
|  97|0x0000000710c00000, 0x0000000710c00000, 0x0000000710e00000|  0%| F|  |TAMS 0x0000000710c00000| PB 0x0000000710c00000| Untracked |  0
|  98|0x0000000710e00000, 0x0000000710e00000, 0x0000000711000000|  0%| F|  |TAMS 0x0000000710e00000| PB 0x0000000710e00000| Untracked |  0
|  99|0x0000000711000000, 0x0000000711000000, 0x0000000711200000|  0%| F|  |TAMS 0x0000000711000000| PB 0x0000000711000000| Untracked |  0
| 100|0x0000000711200000, 0x0000000711200000, 0x0000000711400000|  0%| F|  |TAMS 0x0000000711200000| PB 0x0000000711200000| Untracked |  0
| 101|0x0000000711400000, 0x0000000711400000, 0x0000000711600000|  0%| F|  |TAMS 0x0000000711400000| PB 0x0000000711400000| Untracked |  0
| 102|0x0000000711600000, 0x0000000711600000, 0x0000000711800000|  0%| F|  |TAMS 0x0000000711600000| PB 0x0000000711600000| Untracked |  0
| 103|0x0000000711800000, 0x0000000711800000, 0x0000000711a00000|  0%| F|  |TAMS 0x0000000711800000| PB 0x0000000711800000| Untracked |  0
| 104|0x0000000711a00000, 0x0000000711a00000, 0x0000000711c00000|  0%| F|  |TAMS 0x0000000711a00000| PB 0x0000000711a00000| Untracked |  0
| 105|0x0000000711c00000, 0x0000000711c00000, 0x0000000711e00000|  0%| F|  |TAMS 0x0000000711c00000| PB 0x0000000711c00000| Untracked |  0
| 106|0x0000000711e00000, 0x0000000711e00000, 0x0000000712000000|  0%| F|  |TAMS 0x0000000711e00000| PB 0x0000000711e00000| Untracked |  0
| 107|0x0000000712000000, 0x0000000712000000, 0x0000000712200000|  0%| F|  |TAMS 0x0000000712000000| PB 0x0000000712000000| Untracked |  0
| 108|0x0000000712200000, 0x0000000712200000, 0x0000000712400000|  0%| F|  |TAMS 0x0000000712200000| PB 0x0000000712200000| Untracked |  0
| 109|0x0000000712400000, 0x0000000712400000, 0x0000000712600000|  0%| F|  |TAMS 0x0000000712400000| PB 0x0000000712400000| Untracked |  0
| 110|0x0000000712600000, 0x0000000712600000, 0x0000000712800000|  0%| F|  |TAMS 0x0000000712600000| PB 0x0000000712600000| Untracked |  0
| 111|0x0000000712800000, 0x0000000712800000, 0x0000000712a00000|  0%| F|  |TAMS 0x0000000712800000| PB 0x0000000712800000| Untracked |  0
| 112|0x0000000712a00000, 0x0000000712a00000, 0x0000000712c00000|  0%| F|  |TAMS 0x0000000712a00000| PB 0x0000000712a00000| Untracked |  0
| 113|0x0000000712c00000, 0x0000000712c00000, 0x0000000712e00000|  0%| F|  |TAMS 0x0000000712c00000| PB 0x0000000712c00000| Untracked |  0
| 114|0x0000000712e00000, 0x0000000712e00000, 0x0000000713000000|  0%| F|  |TAMS 0x0000000712e00000| PB 0x0000000712e00000| Untracked |  0
| 115|0x0000000713000000, 0x0000000713000000, 0x0000000713200000|  0%| F|  |TAMS 0x0000000713000000| PB 0x0000000713000000| Untracked |  0
| 116|0x0000000713200000, 0x0000000713200000, 0x0000000713400000|  0%| F|  |TAMS 0x0000000713200000| PB 0x0000000713200000| Untracked |  0
| 117|0x0000000713400000, 0x0000000713400000, 0x0000000713600000|  0%| F|  |TAMS 0x0000000713400000| PB 0x0000000713400000| Untracked |  0
| 118|0x0000000713600000, 0x00000007137eb900, 0x0000000713800000| 96%| E|  |TAMS 0x0000000713600000| PB 0x0000000713600000| Complete |  0
| 119|0x0000000713800000, 0x0000000713a00000, 0x0000000713a00000|100%| E|CS|TAMS 0x0000000713800000| PB 0x0000000713800000| Complete |  0
| 120|0x0000000713a00000, 0x0000000713c00000, 0x0000000713c00000|100%| E|CS|TAMS 0x0000000713a00000| PB 0x0000000713a00000| Complete |  0
| 121|0x0000000713c00000, 0x0000000713e00000, 0x0000000713e00000|100%| E|  |TAMS 0x0000000713c00000| PB 0x0000000713c00000| Complete |  0
| 122|0x0000000713e00000, 0x0000000714000000, 0x0000000714000000|100%| E|CS|TAMS 0x0000000713e00000| PB 0x0000000713e00000| Complete |  0
| 123|0x0000000714000000, 0x0000000714200000, 0x0000000714200000|100%| E|CS|TAMS 0x0000000714000000| PB 0x0000000714000000| Complete |  0
| 124|0x0000000714200000, 0x0000000714400000, 0x0000000714400000|100%| E|CS|TAMS 0x0000000714200000| PB 0x0000000714200000| Complete |  0
| 125|0x0000000714400000, 0x0000000714600000, 0x0000000714600000|100%| E|CS|TAMS 0x0000000714400000| PB 0x0000000714400000| Complete |  0

Card table byte_map: [0x000002dd73bf0000,0x000002dd743d0000] _byte_map_base: 0x000002dd703cb000

Marking Bits: (CMBitMap*) 0x000002dd5b8b1590
 Bits: [0x000002dd743d0000, 0x000002dd782a8000)

Polling page: 0x000002dd597e0000

Metaspace:

Usage:
  Non-class:      9.47 MB used.
      Class:      1.23 MB used.
       Both:     10.71 MB used.

Virtual space:
  Non-class space:       64.00 MB reserved,       9.62 MB ( 15%) committed,  1 nodes.
      Class space:        1.00 GB reserved,       1.31 MB ( <1%) committed,  1 nodes.
             Both:        1.06 GB reserved,      10.94 MB (  1%) committed. 

Chunk freelists:
   Non-Class:  6.36 MB
       Class:  14.72 MB
        Both:  21.08 MB

MaxMetaspaceSize: unlimited
CompressedClassSpaceSize: 1.00 GB
Initial GC threshold: 21.00 MB
Current GC threshold: 21.00 MB
CDS: on
 - commit_granule_bytes: 65536.
 - commit_granule_words: 8192.
 - virtual_space_node_default_size: 8388608.
 - enlarge_chunks_in_place: 1.
 - use_allocation_guard: 0.


Internal statistics:

num_allocs_failed_limit: 0.
num_arena_births: 154.
num_arena_deaths: 0.
num_vsnodes_births: 2.
num_vsnodes_deaths: 0.
num_space_committed: 175.
num_space_uncommitted: 0.
num_chunks_returned_to_freelist: 0.
num_chunks_taken_from_freelist: 205.
num_chunk_merges: 0.
num_chunk_splits: 122.
num_chunks_enlarged: 56.
num_inconsistent_stats: 0.

CodeHeap 'non-profiled nmethods': size=119168Kb used=750Kb max_used=750Kb free=118417Kb
 bounds [0x000002dd6b730000, 0x000002dd6b9a0000, 0x000002dd72b90000]
CodeHeap 'profiled nmethods': size=119104Kb used=2749Kb max_used=2749Kb free=116354Kb
 bounds [0x000002dd63b90000, 0x000002dd63e40000, 0x000002dd6afe0000]
CodeHeap 'non-nmethods': size=7488Kb used=1633Kb max_used=2790Kb free=5854Kb
 bounds [0x000002dd6afe0000, 0x000002dd6b2b0000, 0x000002dd6b730000]
 total_blobs=2192 nmethods=1509 adapters=588
 compilation: enabled
              stopped_count=0, restarted_count=0
 full_count=0

Compilation events (20 events):
Event: 35.880 Thread 0x000002dd7b33b3e0 1500   !   4       java.awt.EventDispatchThread::pumpOneEventForFilters (106 bytes)
Event: 35.887 Thread 0x000002dd7b33b3e0 nmethod 1500 0x000002dd6b7e8d10 code [0x000002dd6b7e8f80, 0x000002dd6b7e9f90]
Event: 35.887 Thread 0x000002dd7b33b3e0 1502       4       java.awt.EventDispatchThread$HierarchyEventFilter::acceptEvent (225 bytes)
Event: 35.887 Thread 0x000002dd7b33b3e0 nmethod 1502 0x000002dd6b7ea910 code [0x000002dd6b7eaa80, 0x000002dd6b7eab38]
Event: 36.355 Thread 0x000002dd7b33bfd0 1503       1       java.util.Collections$EmptyList::isEmpty (2 bytes)
Event: 36.355 Thread 0x000002dd7b33bfd0 nmethod 1503 0x000002dd6b7eac10 code [0x000002dd6b7eada0, 0x000002dd6b7eae68]
Event: 36.360 Thread 0x000002dd7b33bfd0 1504       3       sun.java2d.SunGraphics2D::setPaint (164 bytes)
Event: 36.360 Thread 0x000002dd7b33bfd0 nmethod 1504 0x000002dd63e3ba10 code [0x000002dd63e3bc40, 0x000002dd63e3c5e0]
Event: 36.361 Thread 0x000002dd7b33bfd0 1505       3       sun.awt.image.PixelConverter$Argb::rgbToPixel (2 bytes)
Event: 36.362 Thread 0x000002dd7b33bfd0 nmethod 1505 0x000002dd63e3c790 code [0x000002dd63e3c920, 0x000002dd63e3ca30]
Event: 36.362 Thread 0x000002dd7b33b3e0 1506       4       java.awt.MultipleGradientPaintContext::interpolate (202 bytes)
Event: 36.362 Thread 0x000002dd7b33bfd0 1507       3       sun.java2d.pipe.DrawImage::tryCopyOrScale (260 bytes)
Event: 36.363 Thread 0x000002dd7b33bfd0 nmethod 1507 0x000002dd63e3ca90 code [0x000002dd63e3cde0, 0x000002dd63e3dd40]
Event: 36.363 Thread 0x000002dd7b33bfd0 1508       3       java.lang.String::getChars (55 bytes)
Event: 36.364 Thread 0x000002dd7b33bfd0 nmethod 1508 0x000002dd63e3e210 code [0x000002dd63e3e440, 0x000002dd63e3eb48]
Event: 36.364 Thread 0x000002dd7b33bfd0 1509       3       java.lang.StringLatin1::getChars (12 bytes)
Event: 36.364 Thread 0x000002dd7b33bfd0 nmethod 1509 0x000002dd63e3ee90 code [0x000002dd63e3f040, 0x000002dd63e3f168]
Event: 36.364 Thread 0x000002dd7b33bfd0 1510       3       sun.java2d.SunGraphics2D::dispose (12 bytes)
Event: 36.364 Thread 0x000002dd7b33bfd0 nmethod 1510 0x000002dd63e3f210 code [0x000002dd63e3f3c0, 0x000002dd63e3f568]
Event: 36.367 Thread 0x000002dd7b33b3e0 nmethod 1506 0x000002dd6b7eaf10 code [0x000002dd6b7eb120, 0x000002dd6b7eb898]

GC Heap History (0 events):
No events

Dll operation events (11 events):
Event: 0.007 Loaded shared library C:\Program Files\Java\jdk-22\bin\java.dll
Event: 0.034 Loaded shared library C:\Program Files\Java\jdk-22\bin\jsvml.dll
Event: 0.055 Loaded shared library C:\Program Files\Java\jdk-22\bin\net.dll
Event: 0.057 Loaded shared library C:\Program Files\Java\jdk-22\bin\nio.dll
Event: 0.059 Loaded shared library C:\Program Files\Java\jdk-22\bin\zip.dll
Event: 0.091 Loaded shared library C:\Program Files\Java\jdk-22\bin\jimage.dll
Event: 0.108 Loaded shared library C:\Program Files\Java\jdk-22\bin\awt.dll
Event: 0.137 Loaded shared library C:\Program Files\Java\jdk-22\bin\verify.dll
Event: 0.222 Loaded shared library C:\Program Files\Java\jdk-22\bin\freetype.dll
Event: 0.223 Loaded shared library C:\Program Files\Java\jdk-22\bin\fontmanager.dll
Event: 0.414 Loaded shared library C:\Program Files\Java\jdk-22\bin\rxtxSerial.dll

Deoptimization events (20 events):
Event: 4.268 Thread 0x000002dd454e9560 Uncommon trap: trap_request=0xffffffde fr.pc=0x000002dd6b760710 relative=0x00000000000002d0
Event: 4.268 Thread 0x000002dd454e9560 Uncommon trap: reason=class_check action=maybe_recompile pc=0x000002dd6b760710 method=java.util.HashMap.getNode(Ljava/lang/Object;)Ljava/util/HashMap$Node; @ 82 c2
Event: 4.268 Thread 0x000002dd454e9560 DEOPT PACKING pc=0x000002dd6b760710 sp=0x000000e97a3fd760
Event: 4.268 Thread 0x000002dd454e9560 DEOPT UNPACKING pc=0x000002dd6b0346a2 sp=0x000000e97a3fd6e0 mode 2
Event: 13.997 Thread 0x000002dd454e9560 Uncommon trap: trap_request=0xffffffde fr.pc=0x000002dd6b760710 relative=0x00000000000002d0
Event: 13.997 Thread 0x000002dd454e9560 Uncommon trap: reason=class_check action=maybe_recompile pc=0x000002dd6b760710 method=java.util.HashMap.getNode(Ljava/lang/Object;)Ljava/util/HashMap$Node; @ 82 c2
Event: 13.997 Thread 0x000002dd454e9560 DEOPT PACKING pc=0x000002dd6b760710 sp=0x000000e97a3fd7b0
Event: 13.997 Thread 0x000002dd454e9560 DEOPT UNPACKING pc=0x000002dd6b0346a2 sp=0x000000e97a3fd730 mode 2
Event: 13.997 Thread 0x000002dd454e9560 Uncommon trap: trap_request=0xffffffde fr.pc=0x000002dd6b760710 relative=0x00000000000002d0
Event: 13.997 Thread 0x000002dd454e9560 Uncommon trap: reason=class_check action=maybe_recompile pc=0x000002dd6b760710 method=java.util.HashMap.getNode(Ljava/lang/Object;)Ljava/util/HashMap$Node; @ 82 c2
Event: 13.997 Thread 0x000002dd454e9560 DEOPT PACKING pc=0x000002dd6b760710 sp=0x000000e97a3fd790
Event: 13.997 Thread 0x000002dd454e9560 DEOPT UNPACKING pc=0x000002dd6b0346a2 sp=0x000000e97a3fd710 mode 2
Event: 18.020 Thread 0x000002dd454e9560 DEOPT PACKING pc=0x000002dd63d128f6 sp=0x000000e97a3fd0e0
Event: 18.020 Thread 0x000002dd454e9560 DEOPT UNPACKING pc=0x000002dd6b034e42 sp=0x000000e97a3fc468 mode 0
Event: 35.847 Thread 0x000002dd454e9560 Uncommon trap: trap_request=0xffffff6e fr.pc=0x000002dd6b7e40e0 relative=0x0000000000000320
Event: 35.847 Thread 0x000002dd454e9560 Uncommon trap: reason=loop_limit_check action=maybe_recompile pc=0x000002dd6b7e40e0 method=java.awt.EventDispatchThread.filterAndCheckEvent(Ljava/awt/AWTEvent;)Z @ 22 c2
Event: 35.847 Thread 0x000002dd454e9560 DEOPT PACKING pc=0x000002dd6b7e40e0 sp=0x000000e97a3fef00
Event: 35.847 Thread 0x000002dd454e9560 DEOPT UNPACKING pc=0x000002dd6b0346a2 sp=0x000000e97a3fee90 mode 2
Event: 36.362 Thread 0x000002dd454e9560 DEOPT PACKING pc=0x000002dd63d72d8e sp=0x000000e97a3fd1f0
Event: 36.362 Thread 0x000002dd454e9560 DEOPT UNPACKING pc=0x000002dd6b034e42 sp=0x000000e97a3fc678 mode 0

Classes loaded (20 events):
Event: 0.724 Loading class java/text/AttributedCharacterIterator done
Event: 0.724 Loading class java/text/AttributedString$AttributedStringIterator done
Event: 2.931 Loading class java/util/TooManyListenersException
Event: 2.932 Loading class java/util/TooManyListenersException done
Event: 2.934 Loading class java/lang/NumberFormatException
Event: 2.934 Loading class java/lang/NumberFormatException done
Event: 2.934 Loading class java/lang/IndexOutOfBoundsException
Event: 2.935 Loading class java/lang/IndexOutOfBoundsException done
Event: 2.941 Loading class java/lang/Thread$ThreadNumbering
Event: 2.941 Loading class java/lang/Thread$ThreadNumbering done
Event: 2.942 Loading class jdk/internal/event/ThreadSleepEvent
Event: 2.942 Loading class jdk/internal/event/Event
Event: 2.942 Loading class jdk/internal/event/Event done
Event: 2.942 Loading class jdk/internal/event/ThreadSleepEvent done
Event: 2.958 Loading class javax/swing/RepaintManager$3
Event: 2.959 Loading class javax/swing/RepaintManager$3 done
Event: 7.844 Loading class java/awt/LightweightDispatcher$2
Event: 7.844 Loading class java/awt/LightweightDispatcher$2 done
Event: 16.043 Loading class java/security/DomainCombiner
Event: 16.043 Loading class java/security/DomainCombiner done

Classes unloaded (0 events):
No events

Classes redefined (0 events):
No events

Internal exceptions (20 events):
Event: 0.257 Thread 0x000002dd596ca4c0 Exception <a 'java/lang/ClassNotFoundException'{0x0000000713efc6d8}: TreeCell> (0x0000000713efc6d8) 
thrown [s\open\src\hotspot\share\classfile\systemDictionary.cpp, line 313]
Event: 0.257 Thread 0x000002dd596ca4c0 Exception <a 'java/lang/ClassNotFoundException'{0x0000000713efce80}: RootPane> (0x0000000713efce80) 
thrown [s\open\src\hotspot\share\classfile\systemDictionary.cpp, line 313]
Event: 0.258 Thread 0x000002dd596ca4c0 Exception <a 'java/lang/ClassNotFoundException'{0x0000000713effc10}: com/sun/swing/internal/plaf/metal/resources/spi/metalProvider> (0x0000000713effc10) 
thrown [s\open\src\hotspot\share\classfile\systemDictionary.cpp, line 313]
Event: 0.259 Thread 0x000002dd596ca4c0 Exception <a 'java/lang/ClassNotFoundException'{0x0000000713f03960}: com/sun/swing/internal/plaf/basic/resources/spi/basicProvider> (0x0000000713f03960) 
thrown [s\open\src\hotspot\share\classfile\systemDictionary.cpp, line 313]
Event: 0.274 Thread 0x000002dd454e9560 Exception <a 'java/lang/ClassNotFoundException'{0x0000000713c026e0}: com/sun/swing/internal/plaf/synth/resources/spi/synthProvider> (0x0000000713c026e0) 
thrown [s\open\src\hotspot\share\classfile\systemDictionary.cpp, line 313]
Event: 0.287 Thread 0x000002dd454e9560 Exception <a 'java/lang/NoSuchMethodError'{0x0000000713c462b0}: 'int java.lang.invoke.Invokers$Holder.invokeExact_MT(java.lang.Object, java.lang.Object)'> (0x0000000713c462b0) 
thrown [s\open\src\hotspot\share\interpreter\linkResolver.cpp, line 774]
Event: 0.290 Thread 0x000002dd454e9560 Exception <a 'java/lang/NoSuchMethodError'{0x0000000713c4bf98}: 'java.lang.Object java.lang.invoke.DirectMethodHandle$Holder.newInvokeSpecial(java.lang.Object, java.lang.Object, int)'> (0x0000000713c4bf98) 
thrown [s\open\src\hotspot\share\interpreter\linkResolver.cpp, line 774]
Event: 0.291 Thread 0x000002dd454e9560 Exception <a 'java/lang/NoSuchMethodError'{0x0000000713c51058}: 'int java.lang.invoke.DirectMethodHandle$Holder.invokeSpecial(java.lang.Object, java.lang.Object, java.lang.Object, int)'> (0x0000000713c51058) 
thrown [s\open\src\hotspot\share\interpreter\linkResolver.cpp, line 774]
Event: 0.292 Thread 0x000002dd454e9560 Exception <a 'java/lang/NoSuchMethodError'{0x0000000713c639d8}: 'java.lang.Object java.lang.invoke.DirectMethodHandle$Holder.invokeStatic(java.lang.Object, java.lang.Object, java.lang.Object, java.lang.Object, int)'> (0x0000000713c639d8) 
thrown [s\open\src\hotspot\share\interpreter\linkResolver.cpp, line 774]
Event: 0.293 Thread 0x000002dd454e9560 Exception <a 'java/lang/NoSuchMethodError'{0x0000000713c6f4f8}: 'int java.lang.invoke.DirectMethodHandle$Holder.invokeSpecial(java.lang.Object, java.lang.Object, java.lang.Object)'> (0x0000000713c6f4f8) 
thrown [s\open\src\hotspot\share\interpreter\linkResolver.cpp, line 774]
Event: 0.353 Thread 0x000002dd45496030 Exception <a 'java/lang/NoSuchMethodError'{0x000000071417f238}: 'void java.lang.invoke.DirectMethodHandle$Holder.invokeVirtual(java.lang.Object, java.lang.Object)'> (0x000000071417f238) 
thrown [s\open\src\hotspot\share\interpreter\linkResolver.cpp, line 774]
Event: 0.371 Thread 0x000002dd454e9560 Exception <a 'java/lang/NoSuchMethodError'{0x0000000713d182b0}: 'void java.lang.invoke.DirectMethodHandle$Holder.invokeStaticInit(java.lang.Object)'> (0x0000000713d182b0) 
thrown [s\open\src\hotspot\share\interpreter\linkResolver.cpp, line 774]
Event: 0.416 Thread 0x000002dd454e9560 Exception <a 'java/io/FileNotFoundException'{0x0000000713d78448}> (0x0000000713d78448) 
thrown [s\open\src\hotspot\share\prims\jni.cpp, line 520]
Event: 0.419 Thread 0x000002dd454e9560 Exception <a 'java/io/FileNotFoundException'{0x0000000713d8a110}> (0x0000000713d8a110) 
thrown [s\open\src\hotspot\share\prims\jni.cpp, line 520]
Event: 0.420 Thread 0x000002dd454e9560 Exception <a 'java/io/FileNotFoundException'{0x0000000713d98498}> (0x0000000713d98498) 
thrown [s\open\src\hotspot\share\prims\jni.cpp, line 520]
Event: 0.432 Thread 0x000002dd454e9560 Exception <a 'java/io/FileNotFoundException'{0x0000000713da9bb0}> (0x0000000713da9bb0) 
thrown [s\open\src\hotspot\share\prims\jni.cpp, line 520]
Event: 0.670 Thread 0x000002dd454e9560 Implicit null exception at 0x000002dd6b775a2e to 0x000002dd6b775e95
Event: 0.671 Thread 0x000002dd454e9560 Implicit null exception at 0x000002dd6b775a2e to 0x000002dd6b775e95
Event: 0.672 Thread 0x000002dd454e9560 Implicit null exception at 0x000002dd6b775a2e to 0x000002dd6b775e95
Event: 0.673 Thread 0x000002dd454e9560 Implicit null exception at 0x000002dd6b775a2e to 0x000002dd6b775e95

ZGC Phase Switch (0 events):
No events

VM Operations (20 events):
Event: 4.716 Executing VM operation: Cleanup
Event: 4.716 Executing VM operation: Cleanup done
Event: 5.724 Executing VM operation: Cleanup
Event: 5.724 Executing VM operation: Cleanup done
Event: 6.733 Executing VM operation: Cleanup
Event: 6.733 Executing VM operation: Cleanup done
Event: 7.742 Executing VM operation: Cleanup
Event: 7.742 Executing VM operation: Cleanup done
Event: 8.742 Executing VM operation: Cleanup
Event: 8.743 Executing VM operation: Cleanup done
Event: 9.753 Executing VM operation: Cleanup
Event: 9.753 Executing VM operation: Cleanup done
Event: 14.803 Executing VM operation: Cleanup
Event: 14.803 Executing VM operation: Cleanup done
Event: 16.821 Executing VM operation: Cleanup
Event: 16.822 Executing VM operation: Cleanup done
Event: 18.837 Executing VM operation: Cleanup
Event: 18.837 Executing VM operation: Cleanup done
Event: 36.958 Executing VM operation: Cleanup
Event: 36.958 Executing VM operation: Cleanup done

Events (20 events):
Event: 0.032 Thread 0x000002dd7b3340b0 Thread added: 0x000002dd7b3340b0
Event: 0.032 Thread 0x000002dd7b33b3e0 Thread added: 0x000002dd7b33b3e0
Event: 0.032 Thread 0x000002dd7b33bfd0 Thread added: 0x000002dd7b33bfd0
Event: 0.038 Thread 0x000002dd451e7460 Thread added: 0x000002dd451e7460
Event: 0.051 Thread 0x000002dd452c1e00 Thread added: 0x000002dd452c1e00
Event: 0.053 Thread 0x000002dd452cd8e0 Thread added: 0x000002dd452cd8e0
Event: 0.061 Thread 0x000002dd452d68d0 Thread added: 0x000002dd452d68d0
Event: 0.161 Thread 0x000002dd45491f00 Thread added: 0x000002dd45491f00
Event: 0.162 Thread 0x000002dd454939b0 Thread added: 0x000002dd454939b0
Event: 0.163 Thread 0x000002dd45496030 Thread added: 0x000002dd45496030
Event: 0.266 Thread 0x000002dd454e9560 Thread added: 0x000002dd454e9560
Event: 0.266 Thread 0x000002dd596ca4c0 Thread exited: 0x000002dd596ca4c0
Event: 0.266 Thread 0x000002dd596ca4c0 Thread added: 0x000002dd596ca4c0
Event: 0.567 Thread 0x000002dd4703b490 Thread added: 0x000002dd4703b490
Event: 0.567 Thread 0x000002dd4703bb50 Thread added: 0x000002dd4703bb50
Event: 1.005 Thread 0x000002dd4703bb50 Thread exited: 0x000002dd4703bb50
Event: 1.005 Thread 0x000002dd4703b490 Thread exited: 0x000002dd4703b490
Event: 2.942 Thread 0x000002dd4704ef50 Thread added: 0x000002dd4704ef50
Event: 5.525 Thread 0x000002dd452d68d0 Thread exited: 0x000002dd452d68d0
Event: 5.526 Thread 0x000002dd451e7460 Thread exited: 0x000002dd451e7460


Dynamic libraries:
0x00007ff6b6ce0000 - 0x00007ff6b6cf0000 	C:\Program Files\Java\jdk-22\bin\java.exe
0x00007ffd9e170000 - 0x00007ffd9e387000 	C:\Windows\SYSTEM32\ntdll.dll
0x00007ffd9cc60000 - 0x00007ffd9cd24000 	C:\Windows\System32\KERNEL32.DLL
0x00007ffd9b680000 - 0x00007ffd9ba2d000 	C:\Windows\System32\KERNELBASE.dll
0x00007ffd9bb00000 - 0x00007ffd9bc11000 	C:\Windows\System32\ucrtbase.dll
0x00007ffd87b40000 - 0x00007ffd87b57000 	C:\Program Files\Java\jdk-22\bin\jli.dll
0x00007ffd9bfe0000 - 0x00007ffd9c092000 	C:\Windows\System32\ADVAPI32.dll
0x00007ffd72550000 - 0x00007ffd7256b000 	C:\Program Files\Java\jdk-22\bin\VCRUNTIME140.dll
0x00007ffd9bf30000 - 0x00007ffd9bfd7000 	C:\Windows\System32\msvcrt.dll
0x00007ffd9cd30000 - 0x00007ffd9cdd9000 	C:\Windows\System32\sechost.dll
0x00007ffd9be80000 - 0x00007ffd9bea8000 	C:\Windows\System32\bcrypt.dll
0x00007ffd9e000000 - 0x00007ffd9e114000 	C:\Windows\System32\RPCRT4.dll
0x00007ffd9c0a0000 - 0x00007ffd9c24e000 	C:\Windows\System32\USER32.dll
0x00007ffd9bad0000 - 0x00007ffd9baf6000 	C:\Windows\System32\win32u.dll
0x00007ffd9de10000 - 0x00007ffd9de39000 	C:\Windows\System32\GDI32.dll
0x00007ffd9b4a0000 - 0x00007ffd9b5b9000 	C:\Windows\System32\gdi32full.dll
0x00007ffd7f180000 - 0x00007ffd7f413000 	C:\Windows\WinSxS\amd64_microsoft.windows.common-controls_6595b64144ccf1df_6.0.22621.3672_none_2713b9d173822955\COMCTL32.dll
0x00007ffd9ba30000 - 0x00007ffd9baca000 	C:\Windows\System32\msvcp_win.dll
0x00007ffd910e0000 - 0x00007ffd910ea000 	C:\Windows\SYSTEM32\VERSION.dll
0x00007ffd9d310000 - 0x00007ffd9d341000 	C:\Windows\System32\IMM32.DLL
0x00007ffd6d110000 - 0x00007ffd6d11c000 	C:\Program Files\Java\jdk-22\bin\vcruntime140_1.dll
0x00007ffd46500000 - 0x00007ffd4658e000 	C:\Program Files\Java\jdk-22\bin\msvcp140.dll
0x00007ffcd95c0000 - 0x00007ffcda307000 	C:\Program Files\Java\jdk-22\bin\server\jvm.dll
0x00007ffd9beb0000 - 0x00007ffd9bf21000 	C:\Windows\System32\WS2_32.dll
0x00007ffd9a330000 - 0x00007ffd9a37d000 	C:\Windows\SYSTEM32\POWRPROF.dll
0x00007ffd93490000 - 0x00007ffd934c4000 	C:\Windows\SYSTEM32\WINMM.dll
0x00007ffd9a310000 - 0x00007ffd9a323000 	C:\Windows\SYSTEM32\UMPDC.dll
0x00007ffd9a5c0000 - 0x00007ffd9a5d8000 	C:\Windows\SYSTEM32\kernel.appcore.dll
0x00007ffd6cea0000 - 0x00007ffd6ceaa000 	C:\Program Files\Java\jdk-22\bin\jimage.dll
0x00007ffd98a50000 - 0x00007ffd98c82000 	C:\Windows\SYSTEM32\DBGHELP.DLL
0x00007ffd9d350000 - 0x00007ffd9d6d8000 	C:\Windows\System32\combase.dll
0x00007ffd9da00000 - 0x00007ffd9dad7000 	C:\Windows\System32\OLEAUT32.dll
0x00007ffd797a0000 - 0x00007ffd797d2000 	C:\Windows\SYSTEM32\dbgcore.DLL
0x00007ffd9bc20000 - 0x00007ffd9bc9b000 	C:\Windows\System32\bcryptPrimitives.dll
0x00007ffd627e0000 - 0x00007ffd627fe000 	C:\Program Files\Java\jdk-22\bin\java.dll
0x00007ffd9c270000 - 0x00007ffd9cacf000 	C:\Windows\System32\SHELL32.dll
0x00007ffd9d850000 - 0x00007ffd9d9f5000 	C:\Windows\System32\ole32.dll
0x00007ffd993b0000 - 0x00007ffd99cac000 	C:\Windows\SYSTEM32\windows.storage.dll
0x00007ffd99270000 - 0x00007ffd993af000 	C:\Windows\SYSTEM32\wintypes.dll
0x00007ffd9d750000 - 0x00007ffd9d844000 	C:\Windows\System32\SHCORE.dll
0x00007ffd9d6f0000 - 0x00007ffd9d74e000 	C:\Windows\System32\shlwapi.dll
0x00007ffd9b3d0000 - 0x00007ffd9b3f1000 	C:\Windows\SYSTEM32\profapi.dll
0x00007ffd461c0000 - 0x00007ffd46297000 	C:\Program Files\Java\jdk-22\bin\jsvml.dll
0x00007ffd6cc00000 - 0x00007ffd6cc10000 	C:\Program Files\Java\jdk-22\bin\net.dll
0x00007ffd9aa30000 - 0x00007ffd9aa99000 	C:\Windows\system32\mswsock.dll
0x00007ffd62150000 - 0x00007ffd62166000 	C:\Program Files\Java\jdk-22\bin\nio.dll
0x00007ffd62130000 - 0x00007ffd62147000 	C:\Program Files\Java\jdk-22\bin\zip.dll
0x00007ffd1a6d0000 - 0x00007ffd1a85e000 	C:\Program Files\Java\jdk-22\bin\awt.dll
0x00007ffd941d0000 - 0x00007ffd94267000 	C:\Windows\SYSTEM32\apphelp.dll
0x00007ffd6c120000 - 0x00007ffd6c130000 	C:\Program Files\Java\jdk-22\bin\verify.dll
0x00007ffd95880000 - 0x00007ffd9592f000 	C:\Windows\system32\uxtheme.dll
0x00007ffd9dae0000 - 0x00007ffd9dc33000 	C:\Windows\System32\MSCTF.dll
0x00007ffd95ac0000 - 0x00007ffd95aeb000 	C:\Windows\system32\DWMAPI.DLL
0x00007ffd46130000 - 0x00007ffd461b7000 	C:\Program Files\Java\jdk-22\bin\freetype.dll
0x00007ffd1e7d0000 - 0x00007ffd1e8a7000 	C:\Program Files\Java\jdk-22\bin\fontmanager.dll
0x00007ffd50d40000 - 0x00007ffd50e40000 	C:\Windows\system32\opengl32.dll
0x00007ffd7a070000 - 0x00007ffd7a09d000 	C:\Windows\SYSTEM32\GLU32.dll
0x00007ffd98730000 - 0x00007ffd98769000 	C:\Windows\SYSTEM32\dxcore.dll
0x00007ffd9dec0000 - 0x00007ffd9df70000 	C:\Windows\System32\clbcatq.dll
0x00007ffd95640000 - 0x00007ffd957f1000 	C:\Windows\SYSTEM32\WindowsCodecs.dll
0x00007ffd7c3a0000 - 0x00007ffd7c3fe000 	C:\Windows\system32\dataexchange.dll
0x00007ffd8bd30000 - 0x00007ffd8bfba000 	C:\Windows\system32\twinapi.appcore.dll
0x0000000180000000 - 0x0000000180025000 	C:\Program Files\Java\jdk-22\bin\rxtxSerial.dll
0x00007ffd88380000 - 0x00007ffd884ce000 	C:\Windows\SYSTEM32\textinputframework.dll
0x00007ffd93dc0000 - 0x00007ffd93ef3000 	C:\Windows\SYSTEM32\CoreMessaging.dll
0x00007ffd8d3e0000 - 0x00007ffd8d74d000 	C:\Windows\SYSTEM32\CoreUIComponents.dll
0x00007ffd9ac90000 - 0x00007ffd9ac9c000 	C:\Windows\SYSTEM32\CRYPTBASE.DLL

dbghelp: loaded successfully - version: 4.0.5 - missing functions: none
symbol engine: initialized successfully - sym options: 0x614 - pdb path: .;C:\Program Files\Java\jdk-22\bin;C:\Windows\SYSTEM32;C:\Windows\WinSxS\amd64_microsoft.windows.common-controls_6595b64144ccf1df_6.0.22621.3672_none_2713b9d173822955;C:\Program Files\Java\jdk-22\bin\server

VM Arguments:
jvm_args: -Dfile.encoding=UTF-8 
java_command: sac.CarvInsight.view.FrameArduino
java_class_path (initial): C:\Program Files\NetBeans-19\netbeans\java\modules\ext\AbsoluteLayout.jar;C:\Users\adali\OneDrive - Grupo Educad\UNIVERSIDAD\7mo Ciclo\BPM\Proyecto\RSC\itext5-itextpdf-5.5.12.jar;C:\Users\adali\OneDrive - Grupo Educad\UNIVERSIDAD\7mo Ciclo\BPM\Proyecto\RSC\jcalendar-1.4.jar;C:\Users\adali\OneDrive - Grupo Educad\UNIVERSIDAD\7mo Ciclo\BPM\Proyecto\RSC\mysql-connector-j-8.0.33.jar;C:\Users\adali\OneDrive - Grupo Educad\UNIVERSIDAD\7mo Ciclo\BPM\Proyecto\RSC\chart-bar-animation.jar;C:\Users\adali\OneDrive - Grupo Educad\UNIVERSIDAD\7mo Ciclo\BPM\Proyecto\RSC\TimingFramework-0.55.jar;C:\Users\adali\OneDrive - Grupo Educad\UNIVERSIDAD\7mo Ciclo\BPM\ProjectBPM_Final\CarvInsight_Complete\RXTXcomm.jar;C:\Users\adali\OneDrive - Grupo Educad\UNIVERSIDAD\7mo Ciclo\BPM\ProjectBPM_Final\CarvInsight_Complete\build\classes
Launcher Type: SUN_STANDARD

[Global flags]
     intx CICompilerCount                          = 12                                        {product} {ergonomic}
     uint ConcGCThreads                            = 3                                         {product} {ergonomic}
     uint G1ConcRefinementThreads                  = 13                                        {product} {ergonomic}
   size_t G1HeapRegionSize                         = 2097152                                   {product} {ergonomic}
   size_t InitialHeapSize                          = 264241152                                 {product} {ergonomic}
   size_t MarkStackSize                            = 4194304                                   {product} {ergonomic}
   size_t MaxHeapSize                              = 4217372672                                {product} {ergonomic}
   size_t MaxNewSize                               = 2529165312                                {product} {ergonomic}
   size_t MinHeapDeltaBytes                        = 2097152                                   {product} {ergonomic}
   size_t MinHeapSize                              = 8388608                                   {product} {ergonomic}
    uintx NonNMethodCodeHeapSize                   = 7602480                                {pd product} {ergonomic}
    uintx NonProfiledCodeHeapSize                  = 122027880                              {pd product} {ergonomic}
    uintx ProfiledCodeHeapSize                     = 122027880                              {pd product} {ergonomic}
    uintx ReservedCodeCacheSize                    = 251658240                              {pd product} {ergonomic}
     bool SegmentedCodeCache                       = true                                      {product} {ergonomic}
   size_t SoftMaxHeapSize                          = 4217372672                             {manageable} {ergonomic}
     bool UseCompressedOops                        = true                           {product lp64_product} {ergonomic}
     bool UseG1GC                                  = true                                      {product} {ergonomic}
     bool UseLargePagesIndividualAllocation        = false                                  {pd product} {ergonomic}

Logging:
Log output configuration:
 #0: stdout all=warning uptime,level,tags foldmultilines=false
 #1: stderr all=off uptime,level,tags foldmultilines=false

Environment Variables:
JAVA_HOME=C:\Program Files\Java\jdk-17
PATH=C:\Program Files\Rockwell Software\RSCommon;C:\Program Files\Common Files\Oracle\Java\javapath;C:\Program Files (x86)\Common Files\Oracle\Java\javapath;C:\Windows\system32;C:\Windows;C:\Windows\System32\Wbem;C:\Windows\System32\WindowsPowerShell\v1.0\;C:\Windows\System32\OpenSSH\;C:\Program Files (x86)\NVIDIA Corporation\PhysX\Common;C:\Program Files\NVIDIA Corporation\NVIDIA NvDLISR;C:\Program Files\Java\jdk-17\bin;C:\Users\adali\AppData\Local\Microsoft\WindowsApps;C:\Program Files\Java\jdk-17\bin;C:\Program Files\JetBrains\IntelliJ IDEA 2024.1\bin;;C:\Users\adali\AppData\Local\Programs\Microsoft VS Code\bin;C:\src\flutter\bin;
USERNAME=adali
OS=Windows_NT
PROCESSOR_IDENTIFIER=Intel64 Family 6 Model 186 Stepping 2, GenuineIntel
TMP=C:\Users\adali\AppData\Local\Temp
TEMP=C:\Users\adali\AppData\Local\Temp




Periodic native trim disabled

---------------  S Y S T E M  ---------------

OS:
 Windows 11 , 64 bit Build 22621 (10.0.22621.3672)
OS uptime: 4 days 3:55 hours
Hyper-V role detected

CPU: total 16 (initial active 16) (8 cores per cpu, 2 threads per core) family 6 model 186 stepping 2 microcode 0x4112, cx8, cmov, fxsr, ht, mmx, 3dnowpref, sse, sse2, sse3, ssse3, sse4.1, sse4.2, popcnt, lzcnt, tsc, tscinvbit, avx, avx2, aes, erms, clmul, bmi1, bmi2, adx, sha, fma, vzeroupper, clflush, clflushopt, clwb, hv, serialize, rdtscp, rdpid, fsrm, f16c, cet_ibt, cet_ss
Processor Information for processor 0
  Max Mhz: 2400, Current Mhz: 2400, Mhz Limit: 2400
Processor Information for processor 1
  Max Mhz: 2400, Current Mhz: 2400, Mhz Limit: 2400
Processor Information for processor 2
  Max Mhz: 2400, Current Mhz: 2400, Mhz Limit: 2400
Processor Information for processor 3
  Max Mhz: 2400, Current Mhz: 2400, Mhz Limit: 2400
Processor Information for processor 4
  Max Mhz: 2400, Current Mhz: 2400, Mhz Limit: 2400
Processor Information for processor 5
  Max Mhz: 2400, Current Mhz: 2400, Mhz Limit: 2400
Processor Information for processor 6
  Max Mhz: 2400, Current Mhz: 2400, Mhz Limit: 2400
Processor Information for processor 7
  Max Mhz: 2400, Current Mhz: 2400, Mhz Limit: 2400
Processor Information for processor 8
  Max Mhz: 2400, Current Mhz: 2400, Mhz Limit: 2400
Processor Information for processor 9
  Max Mhz: 2400, Current Mhz: 2400, Mhz Limit: 2400
Processor Information for processor 10
  Max Mhz: 2400, Current Mhz: 2400, Mhz Limit: 2400
Processor Information for processor 11
  Max Mhz: 2400, Current Mhz: 2400, Mhz Limit: 2400
Processor Information for processor 12
  Max Mhz: 2400, Current Mhz: 1800, Mhz Limit: 1800
Processor Information for processor 13
  Max Mhz: 2400, Current Mhz: 1500, Mhz Limit: 1800
Processor Information for processor 14
  Max Mhz: 2400, Current Mhz: 1500, Mhz Limit: 1800
Processor Information for processor 15
  Max Mhz: 2400, Current Mhz: 1500, Mhz Limit: 1800

Memory: 4k page, system-wide physical 16087M (3156M free)
TotalPageFile size 25303M (AvailPageFile size 5738M)
current process WorkingSet (physical memory assigned to process): 95M, peak: 102M
current process commit charge ("private bytes"): 377M, peak: 386M

vm_info: Java HotSpot(TM) 64-Bit Server VM (22.0.1+8-16) for windows-amd64 JRE (22.0.1+8-16), built on 2024-03-12T10:33:16Z by "mach5one" with MS VC++ 17.6 (VS2022)

END.
